conv_layer1.0.weight 	 tensor([[[[[ 0.0050, -0.1430,  0.0530],
           [ 0.0840, -0.1155, -0.0424],
           [-0.0988,  0.0464, -0.0462]],

          [[ 0.1304,  0.1327,  0.0113],
           [-0.0807, -0.1300, -0.0280],
           [-0.0722,  0.0794, -0.1604]],

          [[ 0.1701, -0.1797,  0.1329],
           [-0.0227,  0.1052,  0.0715],
           [ 0.0195,  0.0457,  0.1582]]]],



        [[[[ 0.0589,  0.1353, -0.1377],
           [ 0.1261,  0.0955,  0.0416],
           [-0.0016,  0.1404,  0.1696]],

          [[-0.0438, -0.0847, -0.0582],
           [-0.1313,  0.1126, -0.1011],
           [-0.1521,  0.1772,  0.1450]],

          [[ 0.0105, -0.0290, -0.0557],
           [ 0.0551, -0.1835, -0.1933],
           [ 0.0865,  0.1947, -0.0423]]]],



        [[[[-0.1071,  0.0151, -0.0615],
           [ 0.0146,  0.0892,  0.0917],
           [-0.0224,  0.0087,  0.0260]],

          [[-0.1109, -0.0727,  0.0253],
           [-0.1273, -0.1376,  0.0475],
           [ 0.0854, -0.0514, -0.1135]],

          [[ 0.1662, -0.0898, -0.0251],
           [ 0.2158,  0.0391,  0.0215],
           [ 0.0735, -0.0577,  0.1375]]]],



        [[[[-0.1016, -0.0192,  0.0004],
           [-0.0605, -0.0318,  0.1665],
           [ 0.1211,  0.0347,  0.2072]],

          [[-0.0939, -0.0977,  0.0881],
           [-0.0406, -0.1758, -0.1092],
           [-0.1202,  0.1550,  0.1139]],

          [[ 0.1856, -0.1216, -0.1698],
           [-0.1440,  0.0296, -0.0231],
           [-0.1234,  0.1578, -0.0380]]]],



        [[[[-0.0902,  0.0916, -0.0379],
           [ 0.1299,  0.0171,  0.0178],
           [ 0.0396, -0.1471, -0.0960]],

          [[-0.0815, -0.1326,  0.0337],
           [ 0.0238, -0.1566,  0.1296],
           [-0.1280,  0.0106, -0.0594]],

          [[-0.1542, -0.1428,  0.0939],
           [ 0.0641, -0.1525, -0.0349],
           [-0.1750,  0.1098,  0.1950]]]],



        [[[[ 0.0944, -0.1027,  0.0998],
           [ 0.1776, -0.0132, -0.0185],
           [ 0.1138,  0.0410, -0.0590]],

          [[-0.1655, -0.1465, -0.0262],
           [-0.0067,  0.1679,  0.0052],
           [-0.0219, -0.2161, -0.2026]],

          [[ 0.0685,  0.1619, -0.0282],
           [-0.1775,  0.1113,  0.1837],
           [-0.1163, -0.0397,  0.0297]]]],



        [[[[-0.1013, -0.1686,  0.0806],
           [-0.1530, -0.0601, -0.1120],
           [ 0.1300,  0.0078,  0.0451]],

          [[-0.1153,  0.1779,  0.0595],
           [-0.1020, -0.0267, -0.1400],
           [-0.0317,  0.0612, -0.1130]],

          [[ 0.1777,  0.0919, -0.0145],
           [ 0.0804, -0.0153, -0.0435],
           [-0.1321,  0.1058,  0.0920]]]],



        [[[[ 0.0847,  0.1137,  0.1863],
           [ 0.2105, -0.1834,  0.0311],
           [-0.0117,  0.0336, -0.0644]],

          [[ 0.0531, -0.1719,  0.0764],
           [ 0.2028, -0.0423, -0.1723],
           [-0.1679, -0.0592, -0.0277]],

          [[ 0.0332,  0.0200,  0.1463],
           [-0.0029,  0.0485, -0.1151],
           [ 0.2035,  0.0553, -0.0557]]]],



        [[[[ 0.1028,  0.0653,  0.0045],
           [-0.0410,  0.0449,  0.0206],
           [-0.0952,  0.0035,  0.0180]],

          [[-0.1263,  0.0309, -0.0964],
           [-0.1630, -0.1179, -0.1529],
           [ 0.0598,  0.1053,  0.1550]],

          [[ 0.1880,  0.0928,  0.0627],
           [-0.0140,  0.1871, -0.0610],
           [-0.0255, -0.0578, -0.1350]]]],



        [[[[-0.1329, -0.0166,  0.2075],
           [-0.1012, -0.1955, -0.0477],
           [ 0.1671,  0.0623,  0.0056]],

          [[-0.0607,  0.1706, -0.1707],
           [ 0.1150,  0.0708,  0.1337],
           [-0.1149, -0.0673, -0.0760]],

          [[ 0.1832, -0.0183, -0.1698],
           [ 0.0912,  0.0580,  0.0498],
           [-0.1321, -0.1739,  0.1991]]]],



        [[[[-0.2159, -0.0721, -0.0557],
           [ 0.0637, -0.1790, -0.1362],
           [-0.1149, -0.1044,  0.0873]],

          [[ 0.0414,  0.0568,  0.1362],
           [-0.1552, -0.0036, -0.1703],
           [-0.0195, -0.1774, -0.2026]],

          [[ 0.0832, -0.0884, -0.0139],
           [-0.0329, -0.0939,  0.0083],
           [ 0.0566,  0.1965, -0.0487]]]],



        [[[[ 0.1534, -0.1247,  0.1298],
           [ 0.1769,  0.0244, -0.0892],
           [ 0.1350, -0.0593, -0.0728]],

          [[-0.0786, -0.1602,  0.0023],
           [-0.1478,  0.1640, -0.1877],
           [-0.1426,  0.0638,  0.1521]],

          [[ 0.1707, -0.1995,  0.1736],
           [ 0.1313, -0.1214,  0.0692],
           [-0.0596,  0.0760, -0.1692]]]],



        [[[[-0.0428, -0.0887, -0.0011],
           [-0.0041, -0.0158, -0.1272],
           [ 0.0887,  0.1118, -0.1752]],

          [[-0.1253,  0.0027,  0.1020],
           [-0.1573, -0.0349, -0.0121],
           [-0.1812,  0.1937,  0.1217]],

          [[ 0.2435, -0.0205, -0.0859],
           [ 0.0448,  0.1316,  0.1063],
           [-0.1241,  0.1837, -0.0798]]]],



        [[[[-0.0310, -0.0696,  0.0581],
           [-0.1849, -0.1422, -0.0249],
           [ 0.1260, -0.0745,  0.0805]],

          [[ 0.1865,  0.0008, -0.1576],
           [ 0.0092,  0.0954, -0.0346],
           [-0.1815,  0.1215, -0.1111]],

          [[-0.1269,  0.0899,  0.0343],
           [ 0.1565, -0.0168,  0.1494],
           [-0.0200, -0.1048,  0.1775]]]],



        [[[[ 0.1557,  0.2313, -0.0505],
           [-0.1014,  0.1121,  0.1021],
           [ 0.0077,  0.0966, -0.0187]],

          [[ 0.0882,  0.1812,  0.1240],
           [-0.0383, -0.0925, -0.1223],
           [-0.1165,  0.1705, -0.0121]],

          [[-0.0809, -0.0116, -0.0224],
           [ 0.1010,  0.0706,  0.0956],
           [ 0.0797, -0.1787,  0.0485]]]],



        [[[[ 0.2154, -0.0664,  0.0754],
           [ 0.0224,  0.1280,  0.0457],
           [-0.1371, -0.1465,  0.2062]],

          [[-0.0546, -0.1477, -0.1472],
           [-0.1825,  0.0391,  0.0104],
           [-0.1300, -0.0775,  0.0594]],

          [[ 0.0846,  0.1061, -0.0719],
           [ 0.1916,  0.1987, -0.1600],
           [ 0.1865, -0.1812, -0.1114]]]]], device='cuda:0')
conv_layer1.0.bias 	 tensor([ 0.0704,  0.0675,  0.2319, -0.0284,  0.0842, -0.0160, -0.2026, -0.0072,
         0.2477, -0.0568, -0.1783, -0.0744,  0.1496,  0.2787,  0.0289, -0.1198],
       device='cuda:0')
conv_layer1.2.weight 	 tensor([0.9575, 1.0140, 0.9741, 0.9121, 0.8726, 1.0758, 0.9920, 1.0015, 1.0465,
        1.0103, 0.9623, 1.0163, 1.0089, 1.0959, 0.9722, 1.0310],
       device='cuda:0')
conv_layer1.2.bias 	 tensor([0.0732, 0.0261, 0.0785, 0.1321, 0.0738, 0.0214, 0.1128, 0.0624, 0.1027,
        0.0411, 0.1019, 0.0335, 0.0510, 0.0311, 0.0282, 0.0977],
       device='cuda:0')
conv_layer1.2.running_mean 	 tensor([0.1024, 0.1987, 0.2471, 0.1307, 0.2112, 0.0593, 0.0381, 0.1273, 0.2594,
        0.0230, 0.2336, 0.0333, 0.1773, 0.2836, 0.2257, 0.0327],
       device='cuda:0')
conv_layer1.2.running_var 	 tensor([0.0190, 0.0794, 0.0315, 0.1152, 0.1421, 0.0156, 0.0501, 0.0455, 0.0334,
        0.0063, 0.3130, 0.0156, 0.0257, 0.0165, 0.0954, 0.0130],
       device='cuda:0')
conv_layer2.0.weight 	 tensor([[[[[-1.8908e-02,  2.8199e-02, -1.4518e-02],
           [ 1.2904e-02,  1.7501e-02, -9.7477e-04],
           [ 1.1573e-02,  2.0013e-02, -1.1970e-02]],

          [[-2.5048e-02, -6.9543e-02,  4.9332e-03],
           [-4.8712e-02,  5.5272e-03, -1.9429e-02],
           [-1.9673e-02, -1.0030e-01, -5.1160e-02]],

          [[ 2.9500e-03,  5.3660e-02,  5.7224e-02],
           [ 8.3467e-02,  4.4949e-02, -3.7225e-02],
           [-3.2207e-02,  8.6018e-03,  3.0285e-04]]],


         [[[ 4.3432e-02,  7.5641e-02,  3.1070e-02],
           [-3.6730e-02, -1.4800e-02,  3.3628e-02],
           [-1.3131e-02,  1.5556e-02, -4.0941e-02]],

          [[ 9.5371e-03, -2.3978e-03,  2.7087e-02],
           [ 2.5344e-02,  5.3681e-03, -4.3327e-02],
           [ 8.0050e-03,  5.9150e-02,  2.0890e-02]],

          [[-1.3591e-02, -5.5996e-02,  1.9878e-02],
           [ 2.7344e-02, -4.8076e-02, -4.6306e-02],
           [-1.5451e-02, -3.3435e-02, -2.5699e-02]]],


         [[[-1.8097e-02, -5.2024e-02, -1.9361e-02],
           [ 2.2360e-02,  3.3323e-02,  1.4798e-02],
           [-4.2250e-02, -7.4423e-02,  1.9079e-02]],

          [[-7.1887e-02, -5.7939e-03, -6.0787e-02],
           [ 4.5759e-02,  2.9073e-02, -4.2980e-02],
           [-1.3814e-02, -1.7217e-02, -3.8023e-02]],

          [[-3.2420e-02,  3.9145e-02,  1.0386e-02],
           [ 3.7462e-02,  4.8463e-02,  6.1201e-02],
           [ 4.9024e-02,  3.4861e-02,  8.4751e-02]]],


         ...,


         [[[ 4.4510e-02,  2.6236e-02,  3.7455e-02],
           [-2.6303e-02, -2.5980e-02, -6.7599e-02],
           [-1.4441e-02, -2.4901e-02, -1.3714e-02]],

          [[-3.8063e-02,  3.8115e-02, -3.8816e-02],
           [-3.3637e-02, -3.1561e-02, -5.5661e-02],
           [-4.7164e-02, -1.3410e-01, -6.1462e-02]],

          [[ 1.0794e-01,  3.5334e-02,  5.0254e-02],
           [ 1.0773e-01,  5.2624e-02, -7.8753e-04],
           [ 8.0406e-02,  3.5106e-02,  2.6164e-02]]],


         [[[ 5.4037e-02, -1.6982e-02,  5.8845e-02],
           [-1.7214e-02, -2.4845e-02,  4.5436e-02],
           [ 3.9253e-02, -1.9523e-02,  4.8097e-02]],

          [[-2.0865e-04, -4.1600e-02, -2.0985e-02],
           [-7.6402e-03, -5.5584e-02, -6.7077e-03],
           [ 1.5362e-02,  4.1803e-02,  5.2810e-02]],

          [[-1.7711e-02,  1.6572e-02,  1.3272e-02],
           [-2.3266e-02, -5.6636e-02,  1.3614e-02],
           [ 4.1121e-02, -3.9236e-02,  7.1833e-03]]],


         [[[ 2.9259e-02, -2.2564e-02,  9.4794e-03],
           [-2.5615e-02, -6.9768e-02, -4.9159e-02],
           [-4.9313e-02, -1.6971e-02,  4.5729e-02]],

          [[ 9.3026e-03, -1.1168e-02,  4.8354e-04],
           [-1.8791e-02, -1.5563e-02, -1.9615e-02],
           [ 1.3743e-02, -4.4733e-03,  7.9506e-03]],

          [[ 1.3516e-02,  4.8702e-03, -1.9378e-02],
           [-3.3201e-02, -3.8416e-02,  5.4030e-02],
           [-4.1230e-02, -3.0522e-02,  8.4707e-02]]]],



        [[[[-2.3046e-02,  3.1370e-03, -7.2872e-02],
           [-2.7761e-02, -4.0203e-02,  1.2266e-02],
           [-1.6282e-02, -4.6795e-02, -8.5945e-03]],

          [[ 8.6708e-03, -3.9627e-02, -1.1643e-02],
           [ 2.0995e-03, -4.2666e-02,  4.0406e-02],
           [-2.6754e-02, -1.2376e-02,  9.1265e-03]],

          [[ 2.9590e-03,  1.7121e-02,  7.0060e-02],
           [ 6.2208e-02, -8.5679e-03, -3.1491e-03],
           [-4.1951e-03,  3.2655e-02, -4.4890e-02]]],


         [[[-1.4858e-02,  1.6898e-02,  3.3904e-02],
           [-3.4112e-02,  3.8771e-02, -2.0288e-02],
           [-5.5376e-02, -1.6045e-02, -3.2558e-02]],

          [[-8.8591e-02,  4.4432e-02,  2.1190e-02],
           [-5.7723e-02, -3.1147e-02,  3.9901e-02],
           [ 1.4377e-02,  5.9489e-02, -9.3149e-03]],

          [[-8.4315e-02, -3.8520e-03, -1.1490e-02],
           [-1.0287e-02, -1.1994e-02,  8.0498e-03],
           [-5.5630e-02, -5.3452e-02, -1.4666e-02]]],


         [[[ 2.2146e-02, -8.1226e-02, -1.0893e-02],
           [-3.8753e-02, -8.6034e-02, -5.1099e-02],
           [ 4.5205e-02,  2.4327e-03,  1.1262e-02]],

          [[ 3.8268e-02, -2.4364e-02,  4.2666e-02],
           [ 3.3333e-02, -2.0608e-02,  3.1657e-02],
           [ 1.4987e-02, -2.1588e-02,  1.4657e-02]],

          [[ 4.2108e-02,  6.6714e-03, -5.5383e-03],
           [-4.7057e-02,  6.0320e-03, -9.8184e-03],
           [ 4.5687e-02, -4.2440e-02,  3.5360e-03]]],


         ...,


         [[[-6.6579e-02, -9.6582e-02, -6.6235e-02],
           [ 1.8136e-03,  8.7170e-03, -8.2515e-02],
           [-3.5850e-02, -2.3461e-02, -6.4013e-02]],

          [[-4.6442e-03,  3.2696e-02, -1.3634e-02],
           [ 3.6154e-02,  4.9294e-02,  1.5447e-02],
           [ 6.7572e-02,  3.2168e-02,  3.4626e-02]],

          [[ 3.4499e-02,  4.1415e-03,  2.4818e-02],
           [ 9.9467e-02,  7.3613e-02, -5.3763e-02],
           [ 2.2548e-02,  6.8682e-02, -3.1950e-02]]],


         [[[-5.2550e-02, -4.5366e-02, -3.3137e-03],
           [-1.1697e-02, -4.0703e-02, -1.7481e-02],
           [-2.0235e-02, -5.3492e-02,  2.3256e-02]],

          [[-6.1313e-02, -7.4300e-02, -3.2374e-02],
           [-1.9908e-02, -8.6641e-02, -3.6358e-02],
           [-9.0140e-02, -7.4779e-03, -2.0557e-03]],

          [[-8.3449e-03, -5.4553e-02,  1.4424e-03],
           [-1.0593e-01, -6.7098e-02, -8.1730e-02],
           [-8.8912e-02,  7.2774e-03,  2.2514e-03]]],


         [[[ 5.2044e-02,  2.7433e-02, -6.7030e-02],
           [-2.2444e-02, -2.6325e-02,  4.9809e-02],
           [ 1.2957e-02, -1.6662e-02,  2.4680e-02]],

          [[-8.5684e-03, -1.8107e-03,  1.3160e-02],
           [ 2.8392e-02,  9.8282e-02, -3.9053e-02],
           [ 8.2673e-02,  4.3914e-02, -4.5706e-02]],

          [[-8.2809e-03, -5.3299e-02, -3.7787e-02],
           [-7.1598e-02, -4.1807e-02,  5.0776e-02],
           [ 1.4254e-02, -1.3096e-02, -1.5489e-02]]]],



        [[[[ 2.7513e-02,  4.2143e-02,  6.7611e-03],
           [ 1.1768e-02,  7.9150e-02, -2.6244e-02],
           [ 2.6614e-02, -1.8556e-02, -2.5858e-02]],

          [[-5.0680e-02,  1.5646e-02,  5.5831e-02],
           [ 9.5612e-03,  5.2242e-02,  1.5384e-02],
           [-5.3656e-02, -4.7724e-02, -2.8255e-02]],

          [[ 3.0042e-02,  3.2529e-02, -3.3481e-02],
           [ 3.4440e-02,  7.6724e-02, -3.2168e-02],
           [-5.1940e-02, -3.9204e-02,  2.4627e-02]]],


         [[[-6.0047e-02, -6.8530e-02, -5.7669e-03],
           [ 2.4083e-02,  2.0057e-02, -4.5664e-02],
           [ 4.6655e-02,  4.0525e-02, -1.8942e-02]],

          [[-5.2622e-02, -5.6154e-02, -4.4663e-02],
           [-5.5262e-02,  9.1433e-03,  2.7140e-02],
           [ 2.1751e-02,  2.8601e-02, -2.9379e-02]],

          [[ 2.4646e-03,  4.4078e-03,  8.5606e-03],
           [ 2.2041e-03, -6.1696e-02, -5.2738e-03],
           [-3.0175e-02, -1.9557e-02,  3.5399e-02]]],


         [[[ 3.6350e-03,  6.0400e-03, -5.6451e-03],
           [-1.3716e-02, -2.6372e-02,  1.2411e-02],
           [ 4.3800e-02,  9.4918e-05, -3.5721e-02]],

          [[ 1.9643e-03,  2.0512e-04,  2.9195e-02],
           [-4.0803e-02,  3.1199e-02, -4.3138e-03],
           [-2.3919e-02, -1.8213e-02,  9.1702e-03]],

          [[-1.7209e-02,  1.9919e-02, -4.6201e-02],
           [-5.7030e-02, -3.4273e-02, -2.7498e-03],
           [-3.7461e-02,  6.0586e-02, -4.1584e-02]]],


         ...,


         [[[-7.9875e-02,  2.3022e-02,  4.9481e-02],
           [-1.6698e-02, -7.2928e-03,  1.5168e-02],
           [ 5.4068e-02,  1.0606e-02,  5.3178e-02]],

          [[ 1.0967e-02, -1.6593e-02,  6.2235e-02],
           [ 8.8716e-03,  2.2671e-02,  2.3770e-02],
           [-2.5917e-02,  4.5129e-02, -4.6126e-03]],

          [[-1.5557e-02,  3.7775e-02,  2.9419e-03],
           [ 1.9696e-02,  8.7195e-03,  9.8663e-02],
           [ 2.9758e-02, -2.8713e-02,  1.8912e-02]]],


         [[[ 2.5888e-02, -4.7847e-03,  5.9311e-02],
           [ 4.8761e-03, -5.0670e-02, -5.9709e-02],
           [-1.3519e-04, -4.1929e-02, -5.5722e-02]],

          [[-4.1331e-03,  4.9506e-02, -7.3971e-03],
           [-1.8847e-02, -3.3449e-02,  5.1407e-03],
           [-1.5761e-02, -5.3055e-02, -3.8447e-02]],

          [[-1.7598e-02,  1.3830e-02,  1.2297e-02],
           [ 3.8994e-02,  3.6992e-03,  3.8361e-03],
           [ 2.5124e-02, -2.2722e-02, -4.7983e-02]]],


         [[[ 3.7028e-02, -2.6573e-02, -3.7425e-02],
           [ 3.5074e-02,  3.7754e-02,  1.6098e-02],
           [-1.1462e-02,  5.8753e-02,  3.1951e-02]],

          [[ 1.6117e-02,  1.2161e-02,  3.8200e-02],
           [-1.3882e-02, -2.0984e-02,  2.3481e-02],
           [ 2.0889e-02,  1.0901e-02,  3.2059e-03]],

          [[-1.6270e-02,  4.2040e-02,  6.2405e-02],
           [-7.2418e-02, -7.2235e-02, -5.5083e-02],
           [-5.2827e-03,  1.2688e-02, -1.2375e-02]]]],



        ...,



        [[[[ 6.9154e-02, -2.0254e-02, -1.5867e-02],
           [-7.0912e-02, -2.8090e-02,  2.6691e-02],
           [-3.5939e-02, -5.6734e-03, -1.8380e-02]],

          [[ 2.3487e-02,  3.2102e-02,  3.1225e-02],
           [-2.4877e-02,  1.7689e-02, -7.5566e-03],
           [ 1.4518e-02,  4.0511e-03,  3.1020e-02]],

          [[-7.5637e-02, -1.9864e-02,  1.7956e-02],
           [-4.0507e-02,  9.1136e-03,  9.0666e-02],
           [-4.2652e-02, -6.2107e-03,  2.5610e-03]]],


         [[[ 2.5426e-03, -7.2504e-03, -3.6696e-02],
           [-2.9094e-02, -5.4670e-02, -5.9381e-02],
           [-6.2922e-03, -1.6747e-03,  2.3691e-02]],

          [[ 1.7384e-02,  1.4284e-02, -7.0472e-02],
           [ 1.3103e-02,  1.1716e-02, -6.4362e-02],
           [-3.0215e-02, -2.2714e-02,  7.5159e-03]],

          [[ 2.9174e-02,  5.0157e-02, -1.4023e-02],
           [-3.9061e-02,  1.8085e-02, -7.2788e-02],
           [ 3.1615e-02, -2.4086e-02, -5.5105e-02]]],


         [[[ 2.9238e-03, -5.3086e-03,  4.0811e-02],
           [-5.3498e-02, -7.4617e-02,  5.7772e-02],
           [-8.9954e-03, -6.5253e-02, -2.5810e-02]],

          [[ 4.8101e-02, -5.1309e-02,  1.3651e-02],
           [ 6.2278e-02, -3.3647e-02,  2.8549e-02],
           [ 5.1852e-02,  5.4768e-02,  3.6747e-02]],

          [[-1.5345e-02,  2.9191e-02, -1.7179e-03],
           [ 4.8731e-02, -3.8640e-02, -1.8413e-02],
           [-3.8370e-03, -4.8650e-02,  4.1500e-02]]],


         ...,


         [[[ 6.6623e-03, -9.5505e-03,  2.7576e-02],
           [-6.0158e-03, -2.9862e-02, -1.9428e-02],
           [ 2.0208e-02,  5.1020e-03, -4.2645e-02]],

          [[-5.4259e-03, -4.5068e-02,  4.6064e-02],
           [-5.9271e-02,  2.0267e-02,  1.0413e-02],
           [-4.0939e-02, -2.5126e-02, -2.9134e-02]],

          [[-2.1571e-02, -3.8112e-02, -1.9946e-02],
           [ 9.6943e-02,  1.5343e-02, -4.0413e-02],
           [ 5.8809e-02,  2.5240e-02,  8.5555e-02]]],


         [[[-1.1631e-02, -4.0203e-02,  2.2718e-02],
           [-4.3076e-02,  1.2611e-02, -4.6067e-02],
           [ 5.7892e-02, -3.6165e-02, -3.3396e-02]],

          [[-1.6325e-02, -3.3712e-02, -4.3586e-02],
           [ 6.5730e-02,  2.8352e-03,  3.0667e-02],
           [-1.0477e-02,  5.0992e-02,  4.4841e-02]],

          [[-6.2585e-03, -3.1519e-02, -2.3105e-02],
           [ 3.7470e-02, -8.5481e-03, -3.7099e-02],
           [ 5.6257e-02,  8.8244e-03,  1.4619e-02]]],


         [[[ 5.9349e-03, -6.9879e-02,  4.0768e-02],
           [ 3.6991e-02,  1.8945e-02,  3.6997e-02],
           [ 5.6661e-02,  7.1007e-03,  8.1896e-02]],

          [[ 3.6065e-02, -7.1318e-02,  4.9865e-02],
           [-5.2571e-02,  5.3954e-02, -4.3637e-03],
           [-2.1290e-02,  6.9197e-02,  8.3596e-02]],

          [[-1.8324e-02, -3.7840e-02, -3.1949e-02],
           [-2.1954e-02,  8.7172e-02,  2.1218e-02],
           [-6.7302e-02, -8.8493e-02, -4.5342e-02]]]],



        [[[[ 2.8000e-02, -2.3462e-02, -3.4635e-02],
           [-4.0765e-02, -2.5848e-02, -4.9990e-03],
           [-1.0876e-02,  2.4507e-02,  1.5726e-03]],

          [[-2.2339e-02, -1.1439e-02, -3.5828e-02],
           [ 1.7220e-02, -5.6855e-02, -2.6008e-02],
           [-2.7274e-03, -5.5322e-02,  5.3271e-03]],

          [[-4.3167e-02, -1.3784e-03,  2.2960e-02],
           [-4.7737e-02, -3.1625e-02, -1.3669e-02],
           [-1.7147e-02, -8.6100e-03, -3.2222e-03]]],


         [[[ 3.3235e-02, -1.3387e-02,  7.0641e-03],
           [ 3.5260e-02,  5.2775e-02,  5.9087e-02],
           [ 9.6677e-02,  8.5771e-02,  7.2810e-02]],

          [[-3.2075e-02, -5.4794e-02, -3.5487e-02],
           [ 3.1383e-02, -6.2281e-03,  5.1130e-02],
           [ 2.0438e-02,  2.2905e-02,  6.4322e-02]],

          [[-6.3865e-03, -7.3445e-02, -4.0999e-02],
           [-3.1494e-02, -3.0940e-02, -4.2538e-02],
           [-6.3659e-03,  4.2275e-03,  2.7985e-03]]],


         [[[-5.5181e-02, -2.2123e-02, -5.6788e-02],
           [-3.2496e-02,  1.0007e-02, -6.5609e-02],
           [-5.4616e-02, -3.5331e-02, -6.4797e-02]],

          [[-4.7244e-02,  4.7406e-02,  7.8181e-03],
           [ 2.9460e-02,  4.9915e-02, -1.3575e-02],
           [-2.3422e-02,  7.7204e-02,  2.0834e-02]],

          [[-3.2461e-02, -6.2274e-02, -4.8715e-02],
           [-3.4600e-02,  2.9266e-03,  9.3343e-03],
           [ 6.5529e-03, -4.0511e-02,  5.5014e-02]]],


         ...,


         [[[-7.8572e-02, -8.7021e-03, -1.9451e-02],
           [-9.1057e-02, -7.3632e-02, -6.9886e-05],
           [-1.2104e-01, -4.7333e-02, -7.4938e-02]],

          [[-4.0135e-02, -4.4278e-02, -3.7411e-02],
           [ 8.2642e-03, -8.3162e-02, -9.5661e-03],
           [ 8.7380e-03, -4.9912e-02, -5.5510e-02]],

          [[-2.3304e-02,  6.2787e-02,  7.5555e-02],
           [-2.2134e-02,  6.9051e-02,  1.0707e-01],
           [ 2.2255e-02, -1.1492e-02,  4.1767e-02]]],


         [[[-2.7718e-02, -1.7226e-02, -1.6111e-02],
           [-5.1508e-02, -3.9242e-02,  2.9426e-02],
           [-9.6933e-03, -1.8726e-02,  2.9015e-02]],

          [[ 5.6976e-03, -1.5168e-02, -4.7997e-02],
           [-3.1365e-02, -2.9408e-02, -5.7420e-03],
           [-3.3160e-03,  2.8899e-02,  4.3831e-02]],

          [[-1.2092e-02, -5.7617e-02, -4.9828e-02],
           [-6.8280e-02, -9.0529e-02, -1.9588e-02],
           [-7.1866e-02,  1.0726e-02, -4.9071e-02]]],


         [[[ 4.1049e-02,  2.5838e-02, -2.1846e-03],
           [-2.8288e-02, -6.8866e-03,  3.1798e-02],
           [-8.0615e-02,  3.9819e-02, -2.5605e-02]],

          [[-2.5470e-02,  4.4562e-02,  5.8508e-02],
           [ 3.1801e-03,  2.0330e-02, -5.3720e-03],
           [-1.9616e-02,  2.5446e-02, -7.3361e-02]],

          [[-1.3695e-02,  4.7579e-02, -1.2493e-02],
           [ 3.5647e-02, -2.1651e-02,  4.6701e-02],
           [ 7.9232e-04,  1.6406e-02,  8.9048e-03]]]],



        [[[[-1.7431e-02,  3.8392e-02,  9.9610e-03],
           [ 7.5727e-02,  1.9976e-02,  6.8689e-03],
           [-1.4727e-02, -4.3120e-02,  5.6564e-02]],

          [[ 1.5425e-02,  2.1253e-02,  3.3170e-03],
           [-2.4323e-03, -6.3199e-02, -9.2995e-03],
           [-1.0368e-02, -4.2081e-02,  9.1541e-03]],

          [[ 3.5696e-02,  1.6244e-02, -6.3244e-02],
           [-9.3982e-03, -6.9897e-02,  1.6420e-02],
           [ 3.3193e-02, -2.6370e-02, -4.3860e-02]]],


         [[[-6.2565e-02,  4.9032e-02, -3.0875e-02],
           [ 4.1663e-02,  6.5875e-03, -1.5610e-02],
           [ 2.8299e-02,  3.4932e-03, -2.5113e-02]],

          [[-1.8369e-02,  5.8809e-04,  1.0572e-02],
           [ 2.0067e-02, -3.9492e-02,  3.4439e-02],
           [ 2.2359e-02,  1.9572e-02, -3.7605e-02]],

          [[-1.1524e-03,  1.6438e-02,  1.1861e-02],
           [ 4.9169e-03,  3.8773e-02,  6.7812e-02],
           [-4.0747e-02, -1.9206e-02,  4.9187e-02]]],


         [[[-2.0636e-02,  3.5867e-02,  3.9189e-02],
           [-3.1270e-02, -3.6066e-02,  3.5878e-02],
           [ 2.1532e-02, -4.9333e-02,  5.4163e-02]],

          [[-3.1435e-02,  8.9623e-03, -1.9056e-02],
           [ 2.6289e-02, -5.4197e-02, -1.6113e-02],
           [-3.0130e-02, -7.3943e-02, -9.7175e-02]],

          [[ 3.7511e-02,  3.0534e-02,  5.8371e-03],
           [ 2.8732e-02,  4.6957e-02,  3.2128e-02],
           [-3.5840e-02,  3.1525e-03,  3.5987e-02]]],


         ...,


         [[[ 1.0003e-01, -4.7753e-02, -1.0987e-02],
           [ 6.4736e-03, -6.7985e-03,  1.0521e-01],
           [-7.1483e-02, -2.7843e-02,  4.2935e-02]],

          [[ 3.2016e-03,  4.5780e-02, -5.2580e-02],
           [-6.0167e-02,  1.1980e-02, -3.2281e-02],
           [-8.8389e-02,  5.5604e-03,  8.9321e-02]],

          [[ 1.7149e-02, -4.7163e-02,  8.4319e-03],
           [ 3.7272e-02,  7.2669e-03,  3.5097e-02],
           [-1.8532e-02, -5.3061e-03, -2.4601e-02]]],


         [[[-7.0038e-02, -6.5035e-02,  4.0860e-02],
           [-5.6976e-02,  7.4058e-03,  2.6160e-02],
           [-4.3194e-02, -3.7313e-02,  4.6149e-02]],

          [[-2.3989e-02,  1.0013e-02,  2.1346e-02],
           [ 6.6589e-03,  1.6302e-03,  2.6149e-02],
           [-5.8032e-02, -1.8043e-02,  7.0636e-03]],

          [[-6.0153e-02, -1.6536e-02, -2.9642e-02],
           [ 4.7581e-02,  2.5158e-02,  3.9262e-02],
           [-2.6235e-02,  1.7085e-02,  4.3652e-02]]],


         [[[ 4.4427e-02, -3.8165e-02,  1.8529e-02],
           [-1.3737e-02, -1.9553e-02,  1.3741e-02],
           [-2.0518e-03, -6.6848e-03, -1.1048e-02]],

          [[ 1.8159e-02, -5.2464e-02, -4.3457e-02],
           [-8.3188e-02,  8.6503e-02,  3.4186e-02],
           [-2.4908e-02, -7.4864e-02, -1.4818e-02]],

          [[ 2.2340e-02,  2.9721e-02,  5.5576e-02],
           [-5.8042e-02,  2.7744e-02,  7.4198e-02],
           [-2.1463e-02, -4.1696e-02,  1.2524e-02]]]]], device='cuda:0')
conv_layer2.0.bias 	 tensor([-0.0837,  0.0554,  0.0395, -0.0591, -0.0790, -0.0212, -0.0180, -0.0416,
        -0.0565, -0.0281, -0.0054, -0.0062,  0.0436, -0.0164,  0.0218, -0.0398],
       device='cuda:0')
conv_layer2.2.weight 	 tensor([1.0397, 1.0512, 0.9304, 1.0713, 1.0402, 0.9601, 0.9649, 0.9991, 0.9690,
        0.9802, 0.9675, 1.0889, 1.0267, 1.0271, 1.0326, 1.0691],
       device='cuda:0')
conv_layer2.2.bias 	 tensor([ 0.0486,  0.0039, -0.0141, -0.0007,  0.0517,  0.0238,  0.0610,  0.0263,
         0.0866,  0.0564, -0.0242,  0.0925,  0.0732,  0.0368, -0.0138,  0.0195],
       device='cuda:0')
conv_layer2.2.running_mean 	 tensor([0.2677, 0.5001, 0.6916, 0.2981, 0.3908, 0.4906, 0.3663, 0.5692, 0.5816,
        0.3533, 0.7149, 0.2998, 0.6300, 0.3074, 0.4183, 0.2567],
       device='cuda:0')
conv_layer2.2.running_var 	 tensor([0.2537, 0.6438, 1.6598, 0.2420, 0.4715, 0.8147, 0.5233, 1.3825, 1.4506,
        0.7322, 1.3965, 0.5056, 0.8824, 0.4193, 0.4842, 0.2598],
       device='cuda:0')
sepconv1.0.weight 	 tensor([[[[-0.0479,  0.0417, -0.0962, -0.1064, -0.1383],
          [-0.0116,  0.0535, -0.1484, -0.1775, -0.0310],
          [ 0.1561,  0.1889, -0.1878, -0.0981, -0.0444],
          [ 0.0542, -0.1652, -0.0085,  0.0838, -0.0223],
          [-0.1585, -0.0531,  0.0300, -0.0498, -0.0214]]],


        [[[ 0.0164, -0.1641,  0.1352, -0.1115,  0.1904],
          [-0.1289,  0.0091,  0.1188, -0.1247,  0.1579],
          [-0.0190, -0.1533,  0.1993,  0.0927,  0.1045],
          [-0.1331,  0.1916,  0.2085, -0.0056,  0.0920],
          [ 0.0251, -0.1426, -0.1410,  0.0835, -0.0805]]],


        [[[-0.1124, -0.0288,  0.1862,  0.1181, -0.0287],
          [ 0.0114, -0.1282, -0.0491, -0.1492, -0.0864],
          [ 0.0516, -0.1415,  0.0260, -0.0642,  0.0139],
          [-0.0684,  0.1557,  0.0275,  0.1713, -0.1652],
          [-0.1929, -0.0702, -0.0553,  0.0143, -0.1797]]],


        ...,


        [[[ 0.0490,  0.1010, -0.1941,  0.0611, -0.1940],
          [ 0.0111,  0.0165, -0.0688, -0.1751,  0.0066],
          [ 0.0905, -0.0732, -0.1376, -0.1930, -0.0840],
          [-0.0516, -0.0550, -0.0930,  0.1926, -0.0674],
          [-0.1919,  0.0885, -0.1210, -0.0071,  0.0258]]],


        [[[-0.1396,  0.1279, -0.0710,  0.0652, -0.0875],
          [-0.0741,  0.1899, -0.0560,  0.1132,  0.0286],
          [-0.0922,  0.1844, -0.1000, -0.0942,  0.1533],
          [ 0.0901, -0.1809, -0.0449, -0.0745,  0.0145],
          [ 0.0106, -0.0655, -0.1557,  0.0888, -0.1872]]],


        [[[ 0.0995, -0.0392,  0.1874,  0.2084, -0.1535],
          [ 0.1025, -0.1006,  0.0749,  0.1682, -0.0242],
          [ 0.1386, -0.0049,  0.0703, -0.0295,  0.0453],
          [ 0.0385, -0.1230,  0.0242, -0.1871,  0.1390],
          [ 0.1042, -0.0276,  0.1022,  0.0874,  0.0157]]]], device='cuda:0')
sepconv1.0.bias 	 tensor([ 0.1671,  0.0783, -0.1477,  ..., -0.1639, -0.2026, -0.0027],
       device='cuda:0')
sepconv1.2.weight 	 tensor([[[[ 0.0130]],

         [[ 0.0253]],

         [[ 0.0054]],

         ...,

         [[ 0.0057]],

         [[-0.0050]],

         [[ 0.0235]]],


        [[[ 0.0013]],

         [[-0.0018]],

         [[ 0.0029]],

         ...,

         [[ 0.0160]],

         [[ 0.0087]],

         [[-0.0058]]],


        [[[-0.0295]],

         [[-0.0187]],

         [[-0.0012]],

         ...,

         [[-0.0102]],

         [[ 0.0254]],

         [[ 0.0023]]],


        ...,


        [[[ 0.0165]],

         [[ 0.0046]],

         [[ 0.0030]],

         ...,

         [[ 0.0075]],

         [[ 0.0033]],

         [[ 0.0147]]],


        [[[ 0.0009]],

         [[-0.0142]],

         [[-0.0109]],

         ...,

         [[ 0.0020]],

         [[ 0.0095]],

         [[ 0.0066]]],


        [[[ 0.0030]],

         [[-0.0006]],

         [[ 0.0138]],

         ...,

         [[ 0.0192]],

         [[-0.0097]],

         [[ 0.0081]]]], device='cuda:0')
sepconv1.2.bias 	 tensor([-1.2322e-02, -5.4029e-03,  7.4619e-03, -1.7679e-02, -9.3405e-03,
         6.9442e-03, -5.8382e-04,  2.3227e-02, -1.5323e-02, -6.8913e-03,
        -7.2064e-03, -9.3343e-03,  1.0973e-02,  3.2534e-03,  2.0208e-02,
         5.6324e-04,  8.4135e-03,  3.2312e-02,  3.6537e-02,  2.1872e-03,
         1.3214e-02, -3.0193e-02,  9.9957e-03,  2.2151e-02, -7.0543e-03,
        -1.2885e-02, -6.8577e-04,  3.6123e-02,  3.4076e-03,  5.5340e-03,
        -2.1765e-02, -7.7294e-03, -1.4613e-03, -1.1617e-02, -9.1896e-03,
        -1.1865e-02,  2.2606e-02,  8.9160e-03, -2.4835e-02,  2.7440e-02,
         1.1543e-02,  1.9969e-02, -5.9761e-03,  5.3345e-03,  1.8900e-02,
        -9.9649e-03, -3.1452e-03,  1.3393e-02,  1.1372e-02, -1.6744e-02,
         1.3757e-02, -1.7845e-02,  1.3451e-02,  1.7635e-04, -9.8990e-03,
        -5.3360e-03,  3.5751e-04, -1.5789e-02, -1.1251e-02, -1.3820e-02,
        -6.6309e-04, -2.6536e-02, -5.7902e-03, -1.7809e-02,  2.5626e-03,
        -9.5981e-03,  6.6666e-03,  1.5736e-02,  1.6651e-02,  1.8233e-03,
         5.5670e-03,  4.2169e-03,  5.5301e-03,  2.4737e-03,  2.5446e-02,
        -4.2770e-05, -8.5219e-03, -1.3037e-02, -3.6918e-02,  2.6461e-03,
         5.1415e-03, -7.0227e-03, -8.5631e-03, -2.0889e-03,  2.4893e-02,
        -6.3616e-03, -1.2644e-02, -8.0499e-03,  8.8641e-04, -6.7306e-03,
        -1.3421e-03,  1.1855e-02,  1.6948e-02, -3.4018e-03,  1.4899e-03,
         1.2071e-02, -7.0096e-03,  2.8408e-03,  8.5068e-03,  9.8254e-03,
         2.2740e-02, -1.0800e-02, -1.4170e-03, -3.1138e-03, -1.7987e-02,
        -1.0021e-02, -1.1087e-02,  1.7992e-02,  9.8939e-03, -1.9549e-02,
        -1.5628e-02,  6.6924e-03,  1.2492e-02,  1.4616e-02,  1.7291e-02,
        -4.7716e-03,  1.0182e-02,  1.4290e-02, -2.7722e-02, -4.7611e-03,
        -3.0679e-02, -8.9732e-03, -1.3377e-02,  1.2208e-02, -2.9057e-02,
        -2.0405e-02,  1.8499e-02,  2.9116e-03,  1.0810e-02,  1.5207e-02,
         2.3472e-02, -2.2847e-02, -3.2946e-03, -8.8288e-03, -9.6347e-03,
        -1.4452e-02,  2.4370e-02, -2.2204e-02,  5.4813e-03, -4.2659e-04,
        -1.7186e-02, -2.2837e-02,  9.9527e-03,  1.3701e-02,  4.6645e-03,
        -2.2879e-02, -1.3465e-02,  3.0369e-03,  1.1786e-02,  2.5277e-04,
         8.4120e-03, -4.4619e-03, -1.6316e-03,  1.2059e-02, -1.2957e-03,
        -1.2914e-02, -4.2301e-03,  6.9077e-03,  2.1871e-03,  1.3064e-02,
        -1.5726e-02, -1.0457e-02, -3.7139e-03, -1.6034e-02,  1.2156e-02,
        -9.6170e-03,  7.9140e-03, -1.2193e-02,  1.5139e-02, -1.5081e-02,
        -2.5652e-03, -2.0801e-02, -1.7662e-02,  1.3954e-02,  1.8665e-02,
        -2.3636e-03, -4.6994e-03,  1.5993e-03, -1.1955e-02,  1.0768e-02,
        -4.4684e-04,  2.3520e-02,  3.2190e-03,  1.1877e-02, -2.3102e-02,
         5.2271e-03,  1.0702e-02,  9.9755e-03, -2.1898e-04, -2.0995e-02,
        -1.4899e-02,  1.0253e-02,  2.5209e-02, -2.1872e-03, -4.9182e-03,
        -1.4948e-02, -1.8226e-04,  4.0321e-03, -1.9873e-03,  6.4345e-03,
        -3.6850e-03, -2.1634e-02,  2.1684e-03,  7.9436e-03,  2.6785e-03,
        -2.0263e-02,  5.9303e-03, -8.6256e-04,  1.8759e-02, -2.7485e-03,
        -1.7214e-02, -1.9208e-02, -1.0463e-02, -6.5814e-03,  1.5737e-02,
        -1.0995e-02, -1.9681e-02, -1.4878e-02,  1.2598e-02, -2.4889e-02,
        -1.7916e-02, -3.1810e-02,  7.7125e-03, -9.8716e-03,  9.7211e-04,
        -1.5464e-02, -6.8780e-03, -2.2188e-02,  3.3950e-03,  8.3537e-03,
        -1.4214e-02,  1.8879e-02,  7.7832e-03, -1.2842e-02, -1.1447e-02,
        -3.1943e-03,  4.1065e-03,  2.9049e-03,  7.4378e-03,  5.7389e-03,
         3.8961e-03,  1.3688e-02, -7.3066e-03, -8.0979e-04,  6.1143e-03,
        -1.3638e-02, -1.4424e-02,  1.0626e-02, -1.4795e-02,  1.8521e-02,
        -1.1076e-02,  2.5381e-03, -7.7835e-03, -7.2383e-03,  1.8111e-02,
         1.0770e-02,  1.7921e-02, -2.1748e-02,  1.2600e-02, -2.4235e-02,
        -1.5325e-02,  2.6556e-02,  3.1799e-03,  8.1847e-03, -1.4450e-02,
         2.4549e-02,  7.9424e-03,  2.9627e-03,  7.1541e-03, -2.8430e-03,
        -1.0568e-02, -5.3960e-03, -9.1488e-03, -2.7988e-02, -1.5617e-02,
        -3.7804e-03, -1.5875e-02, -6.3139e-03,  2.5191e-02, -2.4083e-02,
         1.3778e-02,  2.7140e-02,  1.9691e-03,  1.0783e-02, -2.9041e-03,
         4.7759e-03,  1.6455e-02,  6.4474e-03,  1.5986e-02, -4.4078e-03,
         1.2992e-02, -1.9127e-02,  1.0698e-02,  3.0926e-03, -4.7454e-03,
        -1.4812e-02,  1.7860e-02,  6.9282e-03,  4.4261e-03, -3.2417e-02,
         1.8847e-02, -7.2493e-03, -1.0993e-02, -3.3996e-03, -1.9349e-02,
         1.8238e-04, -4.5667e-04, -7.2725e-03,  1.5376e-02,  1.2113e-02,
         7.0977e-03, -9.7378e-03,  1.6882e-02, -1.9188e-02,  1.4953e-02,
         1.5950e-02,  1.6703e-03, -6.3281e-03, -1.1779e-02,  1.8407e-02],
       device='cuda:0')
sepconv1.4.weight 	 tensor([1.0018, 1.0098, 0.9779, 0.9985, 1.0010, 1.0310, 1.0008, 0.9981, 0.9959,
        1.0002, 0.9905, 0.9960, 1.0010, 0.9897, 0.9972, 0.9974, 1.0120, 0.9811,
        1.0248, 0.9853, 1.0050, 1.0017, 1.0062, 1.0164, 0.9900, 1.0092, 0.9761,
        0.9779, 1.0013, 0.9991, 1.0186, 1.0143, 1.0057, 0.9806, 1.0050, 1.0013,
        1.0159, 0.9878, 0.9855, 0.9847, 1.0246, 1.0127, 1.0181, 0.9880, 1.0054,
        1.0031, 1.0142, 1.0004, 1.0022, 0.9800, 1.0045, 0.9949, 1.0020, 1.0059,
        1.0223, 1.0143, 1.0115, 0.9985, 0.9964, 0.9672, 0.9885, 1.0113, 0.9929,
        0.9842, 1.0218, 0.9978, 0.9920, 1.0024, 0.9931, 0.9926, 0.9973, 0.9977,
        0.9987, 1.0022, 1.0528, 0.9824, 0.9960, 0.9993, 1.0221, 1.0006, 0.9985,
        0.9986, 0.9973, 1.0164, 1.0028, 0.9966, 1.0208, 1.0126, 1.0004, 0.9956,
        1.0098, 1.0360, 0.9934, 1.0222, 1.0399, 1.0029, 0.9982, 0.9872, 0.9963,
        1.0253, 1.0336, 0.9982, 1.0046, 1.0117, 0.9974, 1.0016, 0.9985, 1.0304,
        0.9880, 0.9998, 0.9997, 0.9952, 1.0044, 0.9977, 0.9997, 0.9977, 1.0082,
        1.0029, 0.9981, 1.0092, 1.0033, 0.9964, 0.9982, 1.0103, 0.9567, 0.9979,
        1.0337, 0.9985, 0.9983, 0.9953, 1.0357, 0.9983, 1.0407, 0.9920, 1.0112,
        1.0017, 1.0085, 1.0341, 1.0067, 1.0039, 0.9983, 1.0075, 1.0089, 1.0097,
        1.0018, 0.9961, 1.0004, 1.0132, 1.0089, 1.0230, 1.0219, 1.0066, 1.0119,
        0.9986, 0.9972, 0.9995, 1.0065, 1.0047, 1.0015, 0.9936, 1.0039, 0.9914,
        0.9992, 1.0027, 0.9812, 1.0055, 0.9855, 0.9815, 1.0278, 0.9933, 1.0029,
        1.0076, 0.9978, 1.0208, 1.0087, 1.0128, 0.9952, 0.9984, 0.9997, 0.9998,
        1.0122, 0.9881, 0.9930, 0.9859, 0.9912, 1.0401, 0.9922, 1.0131, 0.9731,
        0.9948, 0.9918, 0.9754, 0.9951, 0.9829, 1.0062, 0.9826, 1.0018, 1.0107,
        1.0139, 0.9812, 1.0032, 0.9977, 0.9975, 0.9937, 0.9991, 1.0038, 1.0315,
        0.9935, 0.9919, 0.9813, 0.9852, 0.9999, 0.9915, 0.9893, 1.0084, 0.9917,
        0.9966, 0.9843, 0.9975, 0.9976, 0.9990, 1.0066, 1.0216, 0.9981, 1.0091,
        1.0030, 0.9951, 1.0056, 0.9940, 1.0159, 0.9983, 1.0099, 1.0056, 1.0034,
        1.0113, 1.0044, 1.0374, 1.0244, 0.9983, 1.0226, 0.9782, 1.0001, 0.9988,
        0.9800, 1.0000, 0.9965, 0.9937, 0.9937, 0.9804, 0.9986, 1.0041, 0.9966,
        1.0044, 0.9974, 1.0036, 1.0014, 1.0002, 0.9982, 1.0009, 0.9940, 1.0056,
        1.0015, 1.0021, 1.0006, 0.9926, 1.0016, 0.9799, 1.0141, 0.9843, 1.0118,
        1.0106, 0.9992, 1.0064, 1.0358, 1.0147, 0.9879, 0.9892, 1.0023, 0.9907,
        1.0009, 1.0127, 0.9974, 1.0036, 1.0140, 1.0054, 1.0077, 1.0313, 1.0220,
        1.0220, 1.0012, 0.9822, 0.9990, 0.9782, 1.0001, 1.0053, 0.9854, 0.9878,
        1.0015, 0.9899, 0.9916, 1.0162, 1.0052, 0.9915, 1.0019, 1.0001, 1.0187,
        0.9968, 0.9969, 1.0342, 1.0111, 0.9884, 1.0009, 1.0069, 1.0263, 0.9967,
        1.0137, 1.0102, 0.9732, 1.0000, 0.9985], device='cuda:0')
sepconv1.4.bias 	 tensor([ 5.8993e-03,  9.6247e-03, -1.0122e-03,  2.3477e-03,  2.1156e-02,
        -1.1832e-02,  5.3869e-03,  2.5108e-03, -8.4561e-04, -1.6457e-03,
        -7.5747e-03,  1.5533e-02,  1.9407e-02, -2.3623e-02,  1.1349e-03,
        -1.3534e-02, -1.4564e-04,  5.5068e-03,  2.9359e-02,  6.5620e-03,
         6.5618e-04, -3.2335e-03,  2.3826e-03,  8.3323e-03,  2.4021e-02,
         6.2211e-03, -2.7547e-02, -1.5371e-03,  6.1001e-03, -1.6943e-03,
        -3.9687e-03,  1.7613e-02,  1.5056e-02, -3.5460e-03,  3.1938e-03,
        -2.0069e-03,  9.1999e-03,  3.7300e-02,  2.3081e-02,  1.1509e-02,
        -6.8414e-03,  1.8563e-02, -2.3273e-03,  3.6072e-02,  6.3272e-03,
         2.3945e-03, -3.6274e-03,  1.2043e-02, -1.1049e-02, -1.6920e-03,
        -1.5259e-02,  1.2177e-02, -3.8985e-03, -7.1314e-03, -3.3344e-04,
         2.8596e-02,  2.2367e-02,  8.3873e-04,  1.6323e-02, -1.1384e-02,
        -3.6481e-02,  9.0908e-03, -4.9791e-03,  1.6220e-02, -2.1208e-02,
         1.5004e-02,  1.8958e-03, -1.1512e-02,  6.7606e-03,  1.4886e-02,
        -7.5570e-04,  1.2942e-02,  8.8497e-03,  9.4679e-04, -6.0272e-03,
        -3.1558e-02, -7.4526e-03, -9.1354e-04, -2.9178e-04,  2.4227e-03,
         2.2730e-03, -2.1387e-03,  3.7847e-03,  2.6047e-03,  3.9351e-02,
        -6.5054e-03,  6.9602e-03, -5.2616e-03, -1.0581e-02,  1.2972e-02,
         4.9045e-04, -4.6751e-03,  4.9977e-03,  6.0856e-03, -1.3421e-02,
         1.7360e-02,  2.0222e-02,  2.1974e-03,  5.5736e-03,  6.7676e-03,
         1.4521e-02,  1.6772e-03,  9.6468e-05,  2.5816e-03, -2.6387e-02,
        -1.3549e-03,  1.2766e-02, -8.0180e-03,  6.2014e-03, -5.6452e-03,
        -9.1190e-03,  3.1724e-04, -5.7688e-03, -2.0044e-03, -6.7492e-03,
        -2.0607e-02, -7.8375e-04, -5.7297e-03,  1.2996e-02,  4.2233e-03,
         4.5981e-03,  2.9763e-02,  1.2497e-02,  2.5503e-02,  3.7424e-02,
        -7.7735e-03,  2.7398e-02,  5.1766e-03, -4.6669e-03, -5.4529e-03,
        -8.0536e-03, -7.7012e-03,  2.8643e-03,  6.1172e-03,  1.1247e-02,
        -6.5815e-03, -7.2331e-03, -2.4628e-02,  6.5902e-03, -1.2459e-03,
         7.5191e-03, -5.5971e-04,  1.1318e-02,  1.7561e-02,  7.4491e-03,
        -1.9439e-02, -1.1250e-02,  1.8206e-03, -2.9946e-02,  9.9806e-03,
        -2.7432e-02,  6.4956e-03, -9.8150e-03,  4.3176e-03, -9.9882e-03,
         2.6523e-02,  4.7547e-04, -1.5775e-02,  4.9389e-03,  2.2396e-02,
        -5.5227e-03,  1.2101e-02, -1.7633e-03, -1.3691e-04,  3.0626e-03,
        -2.9573e-03,  1.0315e-02,  2.6002e-02,  3.4394e-03,  1.4413e-02,
         7.4667e-03, -2.2061e-03, -1.2611e-03, -4.5178e-03, -2.8158e-02,
        -7.5823e-03,  1.4068e-02,  4.5299e-03, -3.1020e-03,  1.4202e-02,
        -7.6753e-03, -7.8959e-03, -9.0172e-03,  5.6289e-03, -2.8018e-02,
         1.5816e-02,  1.8777e-02, -1.6394e-03, -2.9980e-02,  1.4234e-02,
        -1.1733e-02, -4.0004e-02, -1.0300e-02,  2.2910e-02, -2.4686e-03,
        -1.0244e-02, -6.9600e-04, -7.5632e-03, -1.8760e-02, -7.7950e-03,
         9.3285e-05, -2.0090e-03,  4.0193e-03,  8.1057e-03, -1.8579e-03,
        -2.3161e-04,  1.6341e-02, -1.6603e-02,  1.3739e-02,  2.6846e-02,
         2.4103e-02,  7.9365e-04,  1.6835e-03,  1.2476e-02, -4.1298e-03,
        -1.8492e-03,  9.3003e-04,  1.6623e-02,  3.0483e-02,  6.0037e-03,
         3.7234e-03, -1.5323e-03, -1.2761e-02,  1.6310e-02,  3.1863e-03,
        -4.0583e-03, -1.4254e-03, -3.1519e-03,  6.2834e-03, -6.5385e-04,
        -6.3715e-04,  1.1312e-02,  2.9152e-03, -1.8812e-02, -2.7286e-02,
         4.2659e-03, -9.7356e-03,  1.5722e-02,  7.6784e-03, -9.5332e-03,
        -2.1541e-02,  6.1808e-03,  1.2913e-02, -2.6288e-02,  1.8276e-02,
         5.1264e-03,  2.7338e-03,  2.8700e-03,  5.4694e-03,  1.1841e-02,
        -3.4277e-02, -2.0446e-03, -1.7712e-02, -2.5270e-03, -1.5487e-03,
        -4.3794e-03,  1.0205e-02,  2.8917e-02,  1.3811e-02,  1.0850e-02,
        -4.3984e-03,  9.9600e-03, -2.8910e-03,  1.7002e-02,  7.5299e-03,
         2.9875e-02,  3.3108e-02, -7.7536e-03, -1.0933e-02,  5.2552e-03,
         1.1865e-03,  2.0556e-04, -4.1820e-03, -1.5959e-02,  2.1173e-02,
        -1.0968e-02, -1.5051e-02, -1.3672e-04,  1.9156e-02,  9.3886e-04,
         9.1184e-04, -7.8257e-03, -3.7105e-03,  2.1384e-03, -9.3588e-03,
         3.7770e-02, -9.2411e-03, -1.6713e-02,  8.3010e-03,  3.5346e-03,
         2.0670e-02, -1.2048e-03,  2.5150e-03, -3.3264e-03,  2.4203e-03,
         6.1022e-03,  1.6093e-02, -6.4221e-04,  9.6901e-03, -2.9254e-02,
        -1.1020e-02,  1.9629e-03,  9.2665e-03,  3.1535e-03,  2.1848e-02,
        -6.9082e-03,  7.0581e-03,  1.5044e-02,  6.6933e-03,  8.8145e-03,
        -1.0751e-02, -1.1479e-03,  1.3096e-02,  8.6804e-03, -1.2686e-04,
        -5.9061e-03,  2.5969e-03, -8.6339e-03, -6.2353e-05,  3.8871e-03],
       device='cuda:0')
sepconv1.4.running_mean 	 tensor([4.3956e-01, 5.6052e-45, 1.0389e+00, 5.6052e-45, 8.5004e-01, 2.1016e+00,
        1.1793e+00, 1.5194e+00, 1.4071e-08, 5.6052e-45, 2.7911e-02, 8.2715e-01,
        5.6052e-45, 9.6822e-01, 1.3896e+00, 2.5003e-02, 7.9279e-01, 6.8310e-01,
        1.1970e+00, 8.0708e-01, 6.0197e-01, 5.6052e-45, 8.4338e-01, 1.3933e+00,
        5.6052e-45, 5.6052e-45, 1.7723e-02, 7.3569e-01, 5.6052e-45, 5.6052e-45,
        1.1394e-01, 6.3401e-01, 1.4506e-01, 1.5599e-01, 5.6052e-45, 5.6052e-45,
        9.8894e-01, 7.1220e-02, 5.6052e-45, 6.6788e-01, 6.0509e-01, 1.0360e+00,
        9.4973e-05, 3.4559e-01, 9.3069e-01, 5.6052e-45, 3.0567e-02, 5.6052e-45,
        8.3735e-01, 5.1690e-02, 2.6613e-01, 4.3927e-01, 5.6052e-45, 1.9524e-01,
        5.6052e-45, 8.3249e-01, 9.1741e-01, 5.6052e-45, 2.4043e-01, 6.9967e-01,
        2.7688e-01, 5.6052e-45, 6.2571e-01, 2.1606e-02, 1.4897e-01, 5.6052e-45,
        1.2743e-03, 2.9120e-01, 1.1517e+00, 4.8408e-01, 5.6052e-45, 4.4231e-01,
        5.0802e-01, 8.5463e-01, 7.5229e-01, 1.0594e+00, 5.4533e-01, 5.6052e-45,
        5.6855e-02, 4.7707e-01, 5.6052e-45, 4.1041e-01, 5.6052e-45, 2.6926e-01,
        2.0418e+00, 5.6052e-45, 5.6052e-45, 3.2127e-01, 1.4008e-01, 1.9097e-02,
        5.6052e-45, 1.2725e+00, 7.6788e-01, 1.0466e-01, 1.0464e+00, 1.5099e+00,
        8.5902e-01, 3.4351e-01, 4.9155e-01, 1.1165e+00, 9.7007e-01, 5.6052e-45,
        5.6052e-45, 5.6052e-45, 4.4062e-02, 5.6052e-45, 5.6052e-45, 3.8196e-01,
        1.5702e+00, 3.6846e-02, 4.5375e-01, 9.6931e-01, 3.6381e-01, 3.8614e-01,
        9.8743e-02, 4.6390e-01, 6.3334e-01, 8.6662e-01, 5.6052e-45, 7.9509e-01,
        5.6052e-45, 5.6052e-45, 5.6052e-45, 5.4316e-01, 3.3526e-02, 1.4848e-06,
        8.3701e-01, 5.6052e-45, 9.2773e-01, 8.2041e-01, 5.7555e-01, 5.6052e-45,
        1.1035e+00, 5.1163e-05, 1.1172e+00, 1.3668e-01, 1.3135e+00, 1.0488e-01,
        3.7926e-02, 5.5190e-01, 5.6052e-45, 2.6365e-03, 1.2105e+00, 1.1154e+00,
        6.6348e-01, 2.9731e-02, 6.6418e-01, 3.0807e-02, 1.6808e-01, 5.6052e-45,
        6.7863e-01, 4.3509e-01, 1.0217e-01, 5.6052e-45, 8.5118e-01, 5.6052e-45,
        1.8728e-01, 5.6052e-45, 5.6052e-45, 1.9623e+00, 5.6052e-45, 4.9410e-02,
        5.6052e-45, 5.6052e-45, 6.4831e-01, 1.8290e-01, 5.6052e-45, 1.8300e-01,
        4.9296e-02, 5.6052e-45, 3.7385e-01, 5.6052e-45, 5.6052e-45, 1.0000e+00,
        1.5304e-01, 3.0827e-01, 1.1328e-02, 5.6052e-45, 5.6052e-45, 5.6052e-45,
        1.0123e+00, 6.7365e-01, 5.6052e-45, 1.8255e+00, 1.9165e-01, 7.0556e-02,
        1.6184e+00, 2.9677e-01, 8.6719e-01, 2.3793e-04, 4.5644e-01, 1.7900e-01,
        7.2474e-01, 1.5766e+00, 3.3555e-01, 3.9160e-04, 5.6052e-45, 6.2519e-01,
        4.3705e-01, 4.9302e-01, 5.6052e-45, 5.6052e-45, 1.1189e+00, 3.5367e-01,
        5.6052e-45, 5.6052e-45, 8.6237e-01, 4.3479e-01, 9.2253e-01, 6.3990e-01,
        3.6793e-01, 3.8423e-07, 1.9528e-01, 1.0275e+00, 3.7237e-01, 3.9159e-01,
        3.8230e-02, 7.9361e-01, 5.6052e-45, 1.1253e-08, 5.6052e-45, 5.6052e-45,
        6.6104e-01, 5.6052e-45, 3.2285e-01, 5.6052e-45, 4.9727e-02, 5.6052e-45,
        3.7934e-01, 4.8373e-01, 5.6052e-45, 1.2049e+00, 5.6052e-45, 1.0359e-01,
        5.7809e-03, 5.6052e-45, 2.9950e-02, 9.1008e-02, 3.1713e-01, 1.8463e-02,
        4.1027e-01, 4.4124e-01, 2.2363e-01, 7.7103e-01, 5.6052e-45, 5.6052e-45,
        3.0957e-01, 2.4049e-01, 5.8488e-02, 7.3366e-01, 5.6052e-45, 5.6052e-45,
        2.1950e-01, 8.5794e-01, 3.1048e-01, 1.3807e+00, 7.5598e-01, 5.6052e-45,
        1.2722e+00, 5.6052e-45, 5.6052e-45, 9.1775e-01, 5.6052e-45, 1.6645e+00,
        3.7646e-01, 7.3330e-01, 8.8820e-01, 4.3500e-01, 1.9727e-03, 9.2454e-02,
        3.1000e-01, 5.6052e-45, 2.3665e-02, 1.0120e-01, 1.1752e+00, 7.4459e-01,
        3.8984e-01, 5.6052e-45, 1.0267e+00, 5.6052e-45, 1.0278e+00, 6.7885e-01,
        5.6052e-45, 1.2321e+00, 5.6052e-45, 1.8026e+00, 1.0248e+00, 1.2780e+00,
        9.1477e-01, 5.6052e-45, 5.4048e-01, 5.6052e-45, 1.0245e+00, 5.6052e-45,
        5.6052e-45, 3.0850e-01, 6.5691e-01, 7.1595e-01, 3.2834e-01, 5.6052e-45,
        4.8904e-01, 5.6052e-45, 7.2329e-02, 9.6295e-02, 5.6052e-45, 5.6052e-45,
        8.4422e-01, 2.4826e-01, 8.9536e-01, 5.6052e-45, 3.0040e-01, 5.6052e-45,
        9.4740e-02, 1.4081e-01, 6.0498e-01, 8.6869e-01, 2.5013e-01, 9.6868e-01,
        5.6052e-45, 6.5220e-01], device='cuda:0')
sepconv1.4.running_var 	 tensor([1.1984e-01, 5.6052e-45, 4.0832e-01, 5.6052e-45, 3.5663e-01, 4.9709e-01,
        3.4568e-01, 2.7950e-01, 2.0230e-10, 5.6052e-45, 3.0033e-02, 1.2445e-01,
        5.6052e-45, 3.8847e-01, 2.8299e-01, 1.7668e-02, 1.1248e-01, 3.3195e-01,
        4.0611e-01, 3.8467e-01, 2.2269e-01, 5.6052e-45, 6.2018e-02, 6.5696e-01,
        5.6052e-45, 5.6052e-45, 3.9041e-02, 2.6507e-01, 5.6052e-45, 5.6052e-45,
        1.1230e-01, 1.9626e-01, 8.3214e-02, 7.3796e-02, 5.6052e-45, 5.6052e-45,
        2.5610e-01, 4.3760e-02, 5.6052e-45, 2.0204e-01, 2.0186e-01, 2.9231e-01,
        7.5612e-05, 1.5933e-01, 3.0212e-01, 5.6052e-45, 1.3168e-02, 5.6052e-45,
        4.1376e-01, 3.6246e-02, 1.2545e-01, 1.5487e-01, 5.6052e-45, 5.1988e-02,
        5.6052e-45, 3.3910e-01, 4.5037e-01, 5.6052e-45, 1.6196e-01, 1.9212e-01,
        1.9027e-01, 5.6052e-45, 3.3803e-01, 7.9201e-03, 1.3308e-01, 5.6052e-45,
        9.5806e-04, 1.7630e-01, 2.2916e-01, 2.3857e-01, 5.6052e-45, 1.0832e-01,
        3.7889e-01, 1.3512e-01, 1.4077e-01, 7.7643e-01, 2.2255e-01, 5.6052e-45,
        3.8952e-02, 2.0884e-01, 5.6052e-45, 1.8447e-01, 5.6052e-45, 2.5627e-01,
        3.9602e-01, 5.6052e-45, 5.6052e-45, 8.3813e-02, 1.2798e-01, 1.6556e-02,
        5.6052e-45, 5.5161e-01, 5.1348e-01, 6.8611e-02, 4.6656e-01, 2.8917e-01,
        4.1167e-01, 9.8145e-02, 2.3876e-01, 4.3832e-01, 3.8753e-01, 5.6052e-45,
        5.6052e-45, 5.6052e-45, 3.9977e-02, 5.6052e-45, 5.6052e-45, 1.4457e-01,
        3.9762e-01, 3.1677e-02, 2.6792e-01, 3.7357e-01, 1.7722e-01, 1.5375e-01,
        5.6247e-02, 4.4271e-01, 7.6390e-01, 1.9921e-01, 5.6052e-45, 2.1407e-01,
        5.6052e-45, 5.6052e-45, 5.6052e-45, 4.5248e-01, 1.7876e-02, 5.3152e-07,
        3.7523e-01, 5.6052e-45, 1.5187e-01, 2.4051e-01, 9.8789e-02, 5.6052e-45,
        3.8923e-01, 2.3181e-05, 3.6289e-01, 1.0492e-01, 6.2938e-01, 9.5811e-02,
        1.7893e-02, 3.1608e-01, 5.6052e-45, 3.4010e-03, 3.0307e-01, 2.8554e-01,
        1.0560e-01, 2.1782e-02, 5.0462e-01, 1.6698e-02, 1.2501e-01, 5.6052e-45,
        4.3441e-01, 4.6302e-01, 8.2398e-02, 5.6052e-45, 2.1565e-01, 5.6052e-45,
        1.7442e-01, 5.6052e-45, 5.6052e-45, 4.8636e-01, 5.6052e-45, 3.2262e-02,
        5.6052e-45, 5.6052e-45, 5.5492e-01, 9.7927e-02, 5.6052e-45, 1.3977e-01,
        3.5980e-02, 5.6052e-45, 1.8329e-01, 5.6052e-45, 5.6052e-45, 1.9526e-01,
        7.4894e-02, 2.1845e-01, 1.3961e-02, 5.6052e-45, 5.6052e-45, 5.6052e-45,
        1.4977e-01, 4.3382e-01, 5.6052e-45, 2.7893e-01, 1.2914e-01, 4.3867e-02,
        3.2170e-01, 5.4585e-02, 4.0161e-01, 8.8039e-05, 2.2467e-01, 1.1107e-01,
        2.5892e-01, 3.8534e-01, 9.5154e-02, 4.0231e-04, 5.6052e-45, 1.0694e-01,
        3.0132e-01, 1.8830e-01, 5.6052e-45, 5.6052e-45, 1.7061e-01, 1.2673e-01,
        5.6052e-45, 5.6052e-45, 2.2660e-01, 2.4071e-01, 2.8508e-01, 3.0468e-01,
        2.2516e-01, 3.2637e-08, 1.7170e-01, 1.9964e-01, 1.0405e-01, 2.8287e-01,
        2.9862e-02, 2.4823e-01, 5.6052e-45, 2.9817e-11, 5.6052e-45, 5.6052e-45,
        1.9500e-01, 5.6052e-45, 1.4178e-01, 5.6052e-45, 4.1497e-02, 5.6052e-45,
        1.4193e-01, 6.4791e-01, 5.6052e-45, 4.5820e-01, 5.6052e-45, 7.4211e-02,
        5.6620e-03, 5.6052e-45, 1.7612e-02, 5.4136e-02, 2.2534e-01, 1.2516e-02,
        5.4994e-01, 4.0968e-01, 9.9060e-02, 5.9057e-01, 5.6052e-45, 5.6052e-45,
        1.8836e-01, 8.7171e-02, 2.4528e-02, 4.8827e-01, 5.6052e-45, 5.6052e-45,
        1.5098e-01, 1.4477e-01, 1.8314e-01, 1.9154e-01, 1.2296e-01, 5.6052e-45,
        2.3679e-01, 5.6052e-45, 5.6052e-45, 1.8030e-01, 5.6052e-45, 7.1820e-01,
        1.3312e-01, 1.7975e-01, 2.5794e-01, 9.5501e-02, 1.1259e-03, 4.3878e-02,
        1.4715e-01, 5.6052e-45, 2.5008e-02, 9.6099e-02, 3.9264e-01, 2.6656e-01,
        4.3983e-01, 5.6052e-45, 3.9895e-01, 5.6052e-45, 2.7609e-01, 1.3345e-01,
        5.6052e-45, 2.6816e-01, 5.6052e-45, 5.4976e-01, 1.7159e-01, 5.7015e-01,
        1.2156e-01, 5.6052e-45, 2.3298e-01, 5.6052e-45, 2.1250e-01, 5.6052e-45,
        5.6052e-45, 2.4080e-01, 1.7428e-01, 7.7233e-02, 3.4834e-01, 5.6052e-45,
        1.6596e-01, 5.6052e-45, 2.9051e-02, 6.9430e-02, 5.6052e-45, 5.6052e-45,
        6.2228e-01, 2.0608e-01, 1.7274e-01, 5.6052e-45, 1.6939e-01, 5.6052e-45,
        6.5426e-02, 8.1025e-02, 9.6255e-02, 2.2270e-01, 1.3902e-01, 4.0783e-01,
        5.6052e-45, 1.4358e-01], device='cuda:0')
sepconv2.0.weight 	 tensor([[[[-1.9382e-01, -4.3865e-02, -3.2654e-01],
          [-1.2258e-01,  2.6796e-01, -8.8949e-02],
          [-1.6001e-01,  1.7754e-02, -1.8580e-02]]],


        [[[ 2.1487e-01, -5.0056e-02,  2.1124e-01],
          [-2.3315e-01,  2.6570e-01,  1.2311e-03],
          [ 1.8392e-01, -1.2659e-01,  3.6677e-03]]],


        [[[ 1.5431e-01, -6.7781e-02,  4.8363e-02],
          [ 1.4670e-01,  3.1605e-01,  1.2880e-01],
          [-3.3449e-01,  1.2729e-01, -1.7503e-01]]],


        ...,


        [[[-3.0716e-02, -1.5544e-01,  1.4152e-01],
          [ 3.2075e-02,  3.8675e-02, -2.3664e-02],
          [ 2.4740e-01,  2.6358e-01,  8.2634e-02]]],


        [[[-7.3290e-02,  6.2966e-02, -4.1732e-02],
          [-8.3556e-02, -1.2867e-01,  1.0005e-01],
          [ 1.3124e-01, -2.4638e-01,  1.9646e-01]]],


        [[[ 2.5233e-01, -9.3818e-02, -1.6036e-01],
          [ 1.6235e-04, -4.3890e-02,  6.5763e-02],
          [ 1.7869e-01,  1.5981e-01,  7.9786e-02]]]], device='cuda:0')
sepconv2.0.bias 	 tensor([-1.5927e-01, -1.6740e-02,  1.1538e-01, -1.7790e-01,  8.0404e-02,
        -1.2255e-01,  3.0227e-01,  4.6985e-02, -2.0337e-01,  8.3465e-02,
        -3.2292e-01, -6.6766e-02,  1.9536e-01,  2.0875e-01,  1.7919e-01,
         1.0922e-01,  1.7795e-01,  1.4469e-01,  2.5587e-01,  2.0141e-02,
         6.6887e-02,  2.2107e-01, -1.7826e-01,  1.0128e-01,  2.5620e-01,
        -7.4544e-02,  2.2232e-01,  3.1013e-01,  1.9515e-01, -5.3766e-02,
        -2.4518e-01,  2.3810e-01,  2.0363e-04,  1.0493e-01, -3.1512e-01,
        -6.9566e-02,  2.8399e-01,  1.7450e-01, -8.1917e-02, -2.7850e-02,
        -1.6897e-01, -1.0689e-01, -2.0149e-01,  2.7788e-01,  1.6005e-01,
        -2.9111e-01, -2.3865e-01,  2.2677e-01,  3.4006e-03,  2.3640e-01,
         9.7773e-02,  1.7712e-01,  4.1519e-02,  5.1937e-02,  9.7009e-02,
         2.5796e-01, -3.2754e-02, -3.3032e-01,  2.4803e-01, -2.0970e-01,
         2.1406e-01, -2.3146e-01,  1.1061e-01, -3.2238e-01, -4.8323e-02,
         1.8087e-01,  1.0553e-02,  2.9065e-01, -3.3510e-01,  3.0254e-01,
        -1.5739e-01,  1.2434e-01,  2.1037e-02, -2.8003e-01, -4.1945e-02,
         2.6433e-01,  1.0815e-01, -3.1277e-01, -2.6195e-01,  1.8628e-01,
        -2.7713e-01,  9.0265e-02, -2.5471e-01, -1.1546e-01,  1.8997e-01,
         1.7332e-01, -2.2163e-01,  7.9274e-02,  2.3071e-01, -3.0818e-03,
         9.8735e-02, -1.9388e-01, -8.4975e-02, -2.0368e-01,  2.0286e-01,
         1.5437e-01, -7.5961e-03, -1.0203e-02, -2.0128e-01,  2.0972e-01,
         8.7111e-02, -1.9093e-01, -4.1351e-03, -1.1645e-01,  5.5437e-02,
        -2.2860e-01,  1.0348e-01,  3.1700e-01, -2.4157e-01,  1.9841e-01,
        -1.1610e-01, -1.7104e-01, -6.6168e-02, -2.1690e-01,  1.0282e-01,
         1.9281e-01,  2.3067e-03,  1.9006e-01,  2.9277e-01,  2.5852e-01,
        -1.6729e-01,  2.1505e-01,  1.2514e-01, -1.7675e-01,  2.6561e-01,
         5.7218e-02,  1.7616e-01, -1.0970e-01,  2.2914e-01,  1.8425e-01,
        -1.9412e-01,  3.8432e-02,  2.8284e-01, -3.0044e-01,  1.0987e-01,
         1.0731e-01,  1.4184e-01,  2.6132e-01, -2.4535e-01, -1.5514e-01,
         2.7048e-01,  9.2146e-02, -9.8061e-02,  1.5931e-01, -4.2581e-02,
         2.3431e-01,  5.1608e-02, -2.8575e-01,  2.1081e-01, -2.1658e-01,
         3.7741e-02, -1.4645e-01,  3.3531e-02, -2.0195e-01,  6.0598e-02,
         1.5041e-01, -1.6192e-01,  2.6878e-01, -7.3273e-02, -2.5692e-01,
        -8.4565e-02, -1.4205e-01,  4.2853e-02, -1.8688e-01, -1.8416e-01,
         1.6619e-02, -1.3389e-01, -1.2833e-01, -5.1431e-02,  5.1069e-02,
         8.7711e-02,  1.0266e-01,  7.3217e-02,  1.5405e-01,  2.3374e-01,
         2.1930e-01, -9.4405e-02, -4.6725e-02,  2.0867e-01,  1.8903e-01,
        -2.6972e-03, -3.6459e-02,  5.3028e-02,  1.5497e-01,  2.5142e-01,
        -3.0334e-01, -9.4590e-02,  1.2615e-01, -1.4962e-01, -6.5110e-03,
         2.3852e-01, -2.3220e-02,  1.5521e-01,  1.3823e-01, -3.2125e-01,
         2.3647e-01, -1.3207e-01, -3.2207e-01, -2.8436e-01, -3.2137e-01,
        -1.6929e-01,  2.5914e-01, -1.0887e-01,  2.5753e-01, -6.9364e-02,
        -2.3500e-01,  2.8368e-01, -8.3595e-02,  5.5996e-02,  9.9235e-02,
         1.8432e-01, -2.0986e-01, -3.0720e-01, -6.5265e-02,  1.5578e-01,
        -3.1861e-01, -2.4462e-01, -1.8961e-01,  2.2865e-01,  2.8865e-01,
        -8.6363e-02,  1.7205e-01,  1.1381e-02,  6.2741e-02,  1.0760e-01,
        -1.1585e-03,  2.0118e-01, -3.1362e-01,  1.6511e-01,  3.0719e-02,
         1.3478e-01, -3.0844e-01, -1.9587e-01,  2.2189e-01,  7.8296e-02,
         2.0276e-01,  2.9941e-01, -2.2913e-01,  8.5802e-02, -2.7543e-01,
         1.7768e-01, -2.3357e-01, -1.5107e-02, -8.5827e-02,  1.8624e-01,
        -3.4312e-02, -1.0633e-01,  4.0972e-03,  5.8838e-02,  2.0175e-01,
         1.3253e-01, -1.1015e-01,  1.3154e-01, -1.3659e-01,  2.6125e-01,
        -2.1383e-01,  2.3588e-01,  1.5344e-01, -8.5728e-02,  1.1841e-01,
        -4.6018e-02, -2.7665e-01,  3.6143e-02,  2.0571e-01,  1.6171e-02,
         2.7718e-01, -1.8457e-01, -1.1256e-01, -1.7812e-01, -2.4501e-01,
        -2.3221e-01, -2.0242e-01, -2.9567e-01, -1.1001e-01, -2.2650e-01,
         1.3404e-01,  3.9844e-03, -1.4295e-01,  1.8954e-02, -2.2976e-01,
        -1.2422e-01,  1.0634e-01, -2.1659e-01, -7.8406e-02,  2.5042e-01,
        -1.3972e-01, -2.5002e-01, -5.1232e-03,  6.2637e-02,  2.3686e-01,
        -6.3704e-02, -1.2629e-01,  3.0295e-01,  5.8017e-02, -9.3280e-02,
         1.2648e-01,  2.0645e-02, -3.0464e-01, -1.3702e-01,  4.1103e-02,
        -1.2748e-02, -1.2449e-01, -2.6221e-01, -1.7220e-01,  2.1654e-01,
         2.2575e-02,  8.4169e-02,  2.5847e-01, -1.8558e-02,  1.5199e-01,
         1.0178e-01, -7.6335e-02, -7.0776e-02,  1.4254e-01, -3.2583e-01,
        -1.3617e-01,  3.2145e-01,  4.3859e-02, -7.8525e-02, -1.0419e-01],
       device='cuda:0')
sepconv2.2.weight 	 tensor([[[[ 0.0342]],

         [[-0.0010]],

         [[ 0.0033]],

         ...,

         [[ 0.0514]],

         [[-0.0062]],

         [[ 0.0041]]],


        [[[ 0.0563]],

         [[ 0.0581]],

         [[ 0.0549]],

         ...,

         [[-0.0217]],

         [[ 0.0051]],

         [[-0.0352]]],


        [[[ 0.0012]],

         [[-0.0358]],

         [[ 0.0455]],

         ...,

         [[-0.0277]],

         [[-0.0476]],

         [[ 0.0276]]],


        ...,


        [[[ 0.0253]],

         [[ 0.0108]],

         [[ 0.0131]],

         ...,

         [[-0.0188]],

         [[ 0.0221]],

         [[-0.0570]]],


        [[[-0.0444]],

         [[-0.0499]],

         [[ 0.0092]],

         ...,

         [[-0.0543]],

         [[ 0.0444]],

         [[ 0.0320]]],


        [[[-0.0476]],

         [[ 0.0465]],

         [[ 0.0748]],

         ...,

         [[ 0.0314]],

         [[-0.0415]],

         [[ 0.0083]]]], device='cuda:0')
sepconv2.2.bias 	 tensor([-0.0416,  0.0680, -0.0199,  0.0562, -0.0170,  0.0314,  0.0202,  0.0357,
        -0.0131, -0.0013, -0.0431, -0.0531, -0.0094,  0.0702, -0.0094,  0.0057,
        -0.0442,  0.0451, -0.0130,  0.0232, -0.0376,  0.0308, -0.0762,  0.0144,
        -0.0034,  0.0115,  0.0351,  0.0190, -0.0268, -0.0034,  0.0795, -0.0128,
         0.0663,  0.0338, -0.0485,  0.0094, -0.0506,  0.0051,  0.0589, -0.0161,
         0.0028, -0.0349, -0.0501, -0.0387, -0.0294,  0.0152, -0.0557,  0.0032,
        -0.0154,  0.0144,  0.0121, -0.0325, -0.0600, -0.0104, -0.0076,  0.0544,
        -0.0677, -0.0291,  0.0300,  0.0237, -0.0356,  0.0196, -0.0319,  0.0007,
        -0.0126,  0.0175,  0.0230,  0.0132, -0.0427,  0.0283, -0.0410,  0.0370,
         0.0160,  0.0096, -0.0224, -0.0128, -0.0244, -0.0288, -0.0206, -0.0584,
         0.0174,  0.0270,  0.0368,  0.0009, -0.0051,  0.0248, -0.0170,  0.0252,
         0.0333,  0.0184,  0.0185, -0.0142, -0.0359,  0.0578,  0.0598,  0.0194,
        -0.0483, -0.0162, -0.0475,  0.0474, -0.0168,  0.0448, -0.0329, -0.0544,
         0.0447, -0.0403,  0.0432, -0.0481,  0.0435,  0.0038, -0.0444, -0.0137,
        -0.0203,  0.0414,  0.0209, -0.0329, -0.0353,  0.0016,  0.0386, -0.0065,
        -0.0617,  0.0197,  0.0318, -0.0071, -0.0107,  0.0076,  0.0209,  0.0198,
        -0.0259,  0.0323,  0.0233,  0.0201,  0.0365,  0.0007, -0.0116,  0.0743,
        -0.0471, -0.0125,  0.0475,  0.0213, -0.0550,  0.0155,  0.0161, -0.0102,
         0.0402, -0.0408,  0.0460, -0.0535,  0.0083, -0.0181,  0.0297,  0.0514,
        -0.0508,  0.0251, -0.0036, -0.0361,  0.0202, -0.0318,  0.0312,  0.0563,
        -0.0379, -0.0447, -0.0492, -0.0134, -0.0485, -0.0287, -0.0406,  0.0163,
        -0.0433, -0.0362,  0.0029,  0.0120,  0.0077,  0.0285, -0.0078, -0.0162,
         0.0068, -0.0122,  0.0501, -0.0265, -0.0448,  0.0208, -0.0522,  0.0485,
        -0.0337,  0.0254, -0.0075,  0.0498, -0.0573, -0.0030,  0.0149,  0.0054,
        -0.0268,  0.0401,  0.0296, -0.0672, -0.0450,  0.0142,  0.0256, -0.0192,
         0.0453,  0.0145, -0.0231, -0.0469,  0.0477,  0.0402,  0.0242, -0.0515,
         0.0161, -0.0668,  0.0308, -0.0045,  0.0539, -0.0112, -0.0387, -0.0063,
         0.0462, -0.0504,  0.0563, -0.0595,  0.0389, -0.0118, -0.0154,  0.0111,
        -0.0007, -0.0574, -0.0313, -0.0458, -0.0215, -0.0217,  0.0611,  0.0627,
        -0.0106,  0.0431, -0.0601, -0.0195, -0.0404,  0.0601, -0.0335, -0.0597,
         0.0331,  0.0254,  0.0659, -0.0038,  0.0483,  0.0309, -0.0098, -0.0717,
        -0.0211,  0.0846,  0.0268, -0.0399, -0.0095,  0.0085, -0.0199, -0.0568],
       device='cuda:0')
sepconv2.4.weight 	 tensor([0.9938, 1.0143, 0.9969, 0.9841, 1.0113, 1.0095, 0.9969, 0.9984, 0.9881,
        0.9960, 0.9827, 0.9806, 1.0261, 1.0102, 0.9881, 0.9953, 0.9958, 0.9807,
        0.9820, 0.9789, 0.9868, 0.9993, 1.0234, 0.9984, 0.9922, 1.0051, 1.0026,
        0.9747, 0.9799, 0.9942, 1.0158, 1.0045, 0.9999, 0.9866, 0.9828, 1.0149,
        0.9817, 1.0359, 1.0262, 1.0233, 0.9964, 1.0126, 0.9938, 0.9638, 0.9934,
        1.0189, 0.9809, 0.9893, 1.0013, 1.0242, 1.0224, 0.9797, 1.0222, 0.9911,
        1.0298, 0.9854, 1.0109, 0.9880, 0.9976, 0.9877, 1.0045, 0.9875, 0.9887,
        1.0334, 0.9793, 1.0326, 0.9593, 1.0240, 0.9944, 1.0026, 0.9914, 0.9802,
        0.9831, 0.9983, 0.9884, 0.9915, 1.0144, 0.9957, 1.0176, 0.9976, 1.0173,
        0.9956, 0.9836, 0.9894, 0.9918, 0.9893, 0.9964, 1.0346, 0.9804, 1.0040,
        0.9810, 0.9768, 0.9895, 1.0465, 1.0236, 1.0056, 1.0126, 0.9935, 1.0554,
        0.9951, 0.9949, 1.0106, 0.9893, 1.0374, 0.9994, 0.9782, 1.0004, 0.9886,
        0.9975, 1.0127, 1.0247, 0.9909, 0.9878, 1.0010, 0.9804, 0.9809, 0.9839,
        1.0034, 1.0009, 0.9909, 1.0068, 0.9936, 1.0686, 1.0107, 1.0360, 0.9815,
        0.9876, 0.9993, 1.0242, 0.9960, 1.0446, 0.9931, 0.9852, 1.0059, 1.0215,
        1.0028, 1.0171, 0.9815, 0.9900, 0.9895, 0.9923, 0.9893, 0.9919, 0.9866,
        0.9862, 0.9935, 0.9851, 1.0377, 0.9873, 0.9977, 1.0092, 0.9673, 0.9867,
        0.9896, 0.9957, 0.9932, 1.0062, 0.9958, 0.9995, 0.9981, 1.0160, 0.9884,
        0.9880, 0.9991, 0.9900, 0.9720, 0.9915, 0.9999, 0.9680, 1.0020, 0.9971,
        1.0153, 1.0171, 0.9973, 0.9979, 0.9921, 1.0255, 1.0002, 0.9809, 0.9871,
        0.9731, 0.9857, 0.9941, 0.9978, 0.9931, 1.0141, 1.0011, 0.9921, 1.0040,
        0.9939, 0.9905, 0.9682, 1.0048, 1.0546, 0.9979, 1.0013, 0.9925, 0.9928,
        1.0094, 0.9878, 1.0027, 1.0057, 0.9873, 0.9800, 0.9837, 0.9911, 0.9666,
        1.0012, 0.9906, 1.0094, 0.9887, 0.9886, 0.9834, 0.9842, 0.9871, 1.0008,
        0.9847, 0.9979, 1.0021, 0.9855, 0.9901, 0.9820, 1.0400, 0.9720, 0.9769,
        0.9866, 0.9979, 0.9885, 1.0264, 1.0462, 1.0227, 0.9873, 0.9905, 0.9545,
        0.9815, 1.0220, 1.0005, 0.9886, 0.9892, 1.0019, 0.9894, 1.0039, 1.0283,
        1.0116, 0.9759, 0.9931, 1.0271, 1.0426, 1.0064, 1.0118, 0.9833, 0.9963,
        0.9971, 0.9850, 1.0021, 0.9948], device='cuda:0')
sepconv2.4.bias 	 tensor([ 3.3179e-03,  1.3559e-02, -8.0794e-03, -1.2322e-02, -5.5412e-03,
        -6.2671e-03,  2.9292e-03, -5.1698e-03,  1.0677e-02, -2.7194e-03,
         7.6247e-05, -2.9505e-03,  8.8729e-03,  4.7120e-02,  1.4640e-02,
         2.1789e-03,  7.6906e-03, -5.0049e-03, -2.9700e-03, -5.6923e-03,
         1.6831e-02, -3.3275e-04, -2.7402e-04,  1.9798e-03,  1.2446e-03,
        -8.1135e-04,  1.0704e-02,  3.7164e-03, -8.9257e-03, -2.6332e-02,
        -9.6664e-03,  8.1782e-03, -6.3930e-04,  6.5365e-03,  2.5717e-03,
        -4.2127e-03,  2.1615e-02,  1.5765e-02,  1.5613e-02, -1.2082e-02,
        -4.6543e-03,  1.0464e-02,  2.0781e-02,  1.1581e-02,  1.1727e-02,
        -1.8814e-02, -1.5876e-02, -2.7061e-02,  3.3546e-02, -3.3183e-03,
         1.5130e-03,  2.6211e-02,  1.0448e-02, -6.2835e-03,  6.2031e-03,
        -3.1696e-03,  6.6583e-03, -1.7385e-02,  7.5600e-04, -1.9945e-03,
         5.5741e-03,  9.2486e-03,  7.7710e-03, -1.0201e-03,  9.9953e-03,
         1.1227e-02, -3.7578e-03,  1.5680e-03,  3.1064e-03, -7.9330e-03,
         1.3612e-02, -2.8192e-02,  2.4840e-02,  4.1848e-03,  6.6720e-03,
         1.0022e-02, -5.6332e-03, -3.8225e-03,  7.4223e-03,  5.1950e-03,
        -1.2911e-02,  1.0295e-02, -9.8643e-03,  1.3935e-02,  2.4567e-04,
        -1.9270e-02,  2.3213e-03, -1.6140e-02,  5.1243e-04,  5.9091e-03,
        -8.5365e-03,  7.2273e-03,  5.4812e-03, -1.7886e-02, -3.6974e-03,
        -2.6093e-03, -2.1138e-03,  9.0512e-03,  1.7677e-02,  8.1907e-03,
         5.8829e-04,  7.9649e-04, -1.5976e-03, -1.4011e-02, -1.8979e-02,
         6.3636e-03, -6.9381e-03,  6.5362e-03,  2.9056e-03, -8.0002e-03,
         1.7575e-02,  1.6135e-02, -7.5243e-03, -4.1448e-03, -2.7585e-03,
         1.4863e-02, -9.4902e-03, -2.6999e-03, -2.7474e-03,  8.1266e-04,
         4.4480e-03, -2.1885e-03,  7.5527e-04, -2.8177e-02, -4.4140e-03,
        -2.9545e-02, -1.3683e-02,  1.8045e-03,  7.8763e-03, -6.3471e-03,
         1.0508e-02,  2.8736e-02,  3.3023e-03,  4.3794e-03, -2.5843e-03,
         1.3931e-03,  1.9460e-03,  5.8168e-04,  2.5257e-02, -1.2561e-02,
         4.2980e-03, -4.7478e-03,  1.0042e-02, -2.0405e-03, -8.0771e-03,
         1.4350e-02, -1.1573e-02,  1.5145e-02,  1.8475e-02,  1.2864e-02,
        -5.7280e-03, -5.7953e-03,  5.2107e-03,  1.7320e-02, -6.0158e-03,
        -7.5844e-03, -9.4276e-03,  8.8544e-03, -4.2013e-03,  1.3926e-03,
         8.7999e-03, -6.6891e-04,  4.1489e-04, -2.8848e-03, -7.5507e-03,
        -1.1866e-02, -7.6217e-03,  1.2921e-03,  1.1893e-02,  9.4558e-03,
         1.9856e-03,  5.6915e-03, -1.9648e-03,  2.0402e-02, -1.7682e-02,
         3.2280e-02, -5.4266e-03,  1.7255e-02, -3.2477e-03,  1.0626e-02,
        -3.4720e-02, -1.5582e-03,  7.1782e-03,  1.9449e-02,  5.1568e-03,
        -7.7840e-03, -1.0049e-02,  4.6820e-03, -6.2652e-03,  7.4339e-03,
         9.9038e-03, -1.1285e-02,  1.1051e-02,  3.8813e-02,  2.4936e-03,
         4.7668e-03,  4.3408e-03, -6.5411e-03, -5.0450e-03, -4.3534e-03,
         4.1929e-03, -4.8459e-03, -9.4016e-04,  1.8146e-02, -1.2376e-02,
        -1.0910e-03, -1.8093e-02, -8.3591e-03, -6.4307e-03, -2.2050e-03,
         1.0191e-02,  3.2774e-04,  8.8054e-03,  1.9725e-03, -1.5533e-03,
        -6.5243e-03, -1.3574e-03,  1.5906e-03,  4.0434e-03, -1.6338e-02,
        -1.1814e-02, -9.0971e-03,  3.1512e-03,  7.1922e-03, -3.5196e-05,
         1.4007e-03,  1.6078e-02,  4.9623e-03, -7.2060e-03, -7.6408e-03,
         1.7165e-02, -1.0021e-02,  1.4173e-03,  2.0614e-02, -6.3183e-03,
        -1.4360e-02,  1.4619e-02, -1.3526e-02,  1.2609e-02, -1.5330e-03,
         3.1302e-03,  3.3030e-02, -9.7679e-03,  1.9968e-03, -1.1066e-03,
        -7.7768e-03,  8.5431e-04,  1.2678e-02, -5.9175e-03,  7.1379e-04,
         1.3073e-02,  3.6388e-03,  1.1283e-03,  8.5041e-03,  1.9707e-04,
         8.7732e-03], device='cuda:0')
sepconv2.4.running_mean 	 tensor([2.3910e-01, 6.0478e-01, 1.0580e-01, 1.2958e-01, 2.7712e-03, 1.1498e-01,
        5.2790e-03, 7.3220e-07, 3.0227e-01, 1.1619e-01, 1.5528e-01, 1.9273e-01,
        2.4910e-02, 5.7216e-01, 1.1989e-01, 2.4005e-05, 2.7909e-01, 6.1891e-02,
        1.8388e-01, 2.4806e-01, 1.8846e-01, 4.0026e-02, 4.1473e-02, 2.9232e-02,
        4.3556e-01, 1.4083e-01, 4.0274e-01, 3.3364e-02, 6.3408e-02, 1.4260e-01,
        4.9417e-01, 1.5202e-03, 6.1534e-01, 2.9666e-02, 2.0099e-01, 1.8049e-02,
        3.6652e-01, 4.9355e-02, 1.6965e-02, 1.2954e-01, 1.7817e-01, 2.4650e-01,
        1.4775e-03, 1.5316e-01, 1.0503e-01, 1.7055e-01, 1.3502e-01, 7.2661e-02,
        5.1520e-01, 6.9146e-02, 5.1084e-02, 1.3208e-01, 2.1347e-02, 3.7981e-02,
        3.9035e-04, 2.1597e-01, 3.0517e-02, 2.9599e-01, 7.9895e-02, 2.0215e-01,
        6.2722e-03, 1.2863e-02, 7.0182e-03, 4.8379e-01, 8.1353e-02, 1.7375e-04,
        3.2354e-01, 1.9751e-02, 7.9932e-02, 1.3169e-01, 1.8162e-01, 1.3403e-01,
        2.0464e-02, 6.2454e-03, 7.8864e-02, 4.2800e-01, 1.6353e-01, 1.0577e-01,
        8.6158e-02, 5.3291e-02, 4.3565e-01, 3.5407e-01, 2.6444e-01, 5.2045e-02,
        1.8636e-03, 4.4260e-02, 2.3720e-02, 1.6673e-02, 1.7258e-01, 3.6294e-01,
        8.0368e-02, 2.2295e-01, 2.0663e-01, 3.3642e-01, 1.7760e-01, 4.9026e-02,
        2.0573e-02, 4.2307e-04, 1.1463e-03, 4.8627e-01, 4.5739e-02, 1.6539e-01,
        2.2130e-01, 1.5808e-02, 5.2852e-02, 8.1106e-02, 5.7203e-01, 2.5941e-02,
        4.9880e-01, 1.7140e-02, 1.3358e-01, 7.3001e-03, 2.5546e-02, 2.6529e-01,
        2.8824e-01, 3.5374e-01, 1.9971e-01, 1.8984e-02, 3.2786e-01, 1.7045e-01,
        3.9235e-06, 1.0350e-02, 2.1747e-03, 3.4807e-02, 6.2392e-01, 8.9875e-02,
        2.6023e-01, 1.1365e-01, 2.8135e-02, 5.1005e-01, 2.9833e-02, 4.2814e-01,
        8.6833e-04, 2.2861e-02, 6.7076e-03, 4.9953e-01, 9.2073e-03, 2.7928e-02,
        3.5184e-01, 1.7845e-02, 1.2880e-01, 3.6719e-06, 2.8009e-01, 3.8219e-01,
        3.2592e-01, 3.3652e-01, 1.0360e-01, 2.6220e-02, 3.4220e-02, 5.4852e-01,
        6.2043e-01, 2.9460e-01, 1.4687e-01, 4.2183e-02, 1.7077e-02, 5.3491e-02,
        2.3446e-02, 1.2390e-02, 3.8323e-01, 9.7571e-03, 7.6518e-02, 1.0514e-01,
        1.9344e-02, 9.2478e-02, 1.8284e-01, 6.6142e-02, 2.1357e-01, 2.6763e-03,
        1.4643e-02, 3.0646e-06, 4.7425e-02, 1.7030e-02, 2.3574e-02, 4.5642e-01,
        1.4566e-01, 1.8386e-02, 7.7995e-02, 4.6419e-01, 1.5884e-01, 2.9766e-02,
        5.2651e-01, 2.8666e-01, 5.1574e-04, 5.3836e-01, 1.1166e-01, 7.2318e-02,
        4.2927e-01, 3.8927e-01, 3.6520e-03, 1.1063e-01, 3.5457e-02, 1.1456e-03,
        3.7427e-02, 5.4423e-02, 5.6885e-02, 9.7563e-03, 2.8093e-01, 2.6189e-02,
        6.0790e-02, 1.2820e-01, 1.1847e-01, 1.4508e-01, 1.2860e-01, 1.9156e-02,
        7.2229e-02, 2.4173e-01, 1.5756e-01, 2.9272e-02, 5.4981e-02, 5.6052e-45,
        2.7261e-01, 2.7602e-01, 2.0518e-01, 3.8178e-02, 1.3473e-02, 8.8937e-02,
        1.6301e-01, 1.7581e-03, 3.0856e-02, 3.5996e-02, 1.7203e-01, 1.0749e-01,
        7.3866e-02, 1.6410e-01, 2.4173e-01, 8.2700e-03, 1.7852e-01, 7.8309e-03,
        1.0283e-02, 2.8109e-02, 5.4964e-02, 5.2461e-01, 2.1785e-02, 3.5650e-01,
        9.7061e-06, 5.8646e-01, 1.8424e-04, 2.0187e-01, 3.0342e-01, 3.6488e-03,
        1.2479e-01, 2.0491e-01, 2.1230e-01, 4.2880e-01, 1.4580e-04, 3.3298e-01,
        3.5792e-01, 2.8085e-02, 6.5973e-03, 6.3229e-01, 6.8317e-02, 4.1384e-02,
        2.3507e-01, 1.8153e-01, 2.4392e-02, 3.5955e-01], device='cuda:0')
sepconv2.4.running_var 	 tensor([5.2180e-02, 1.0816e-01, 4.8241e-02, 3.2154e-02, 6.0119e-04, 4.5964e-02,
        8.7939e-04, 4.3186e-08, 7.7278e-02, 3.3906e-02, 2.9424e-02, 3.2295e-02,
        1.2592e-02, 1.4467e-01, 4.3520e-02, 1.6385e-06, 5.6768e-02, 1.1293e-02,
        3.4643e-02, 4.0661e-02, 4.1790e-02, 9.5493e-03, 2.1427e-02, 1.3399e-02,
        4.7238e-02, 3.9102e-02, 7.0166e-02, 1.1234e-02, 2.2057e-02, 3.2737e-02,
        6.1606e-02, 3.2723e-04, 6.3419e-02, 6.5655e-03, 7.4913e-02, 7.5692e-03,
        7.0800e-02, 1.8963e-02, 7.1117e-03, 7.3432e-02, 3.7891e-02, 5.5178e-02,
        2.3993e-04, 4.0397e-02, 2.2623e-02, 4.9355e-02, 3.9572e-02, 4.1879e-02,
        5.7677e-02, 2.0959e-02, 2.3651e-02, 3.3364e-02, 8.4039e-03, 1.4432e-02,
        8.2359e-05, 3.5116e-02, 1.7049e-02, 6.1623e-02, 1.3265e-02, 3.0934e-02,
        1.2626e-03, 4.1131e-03, 2.4115e-03, 8.1414e-02, 1.5749e-02, 1.2079e-04,
        6.4534e-02, 1.5700e-02, 2.5609e-02, 1.9899e-02, 6.9308e-02, 6.7383e-02,
        9.3184e-03, 1.6249e-03, 1.8992e-02, 8.9353e-02, 5.2706e-02, 1.6592e-02,
        2.2666e-02, 1.6043e-02, 5.5641e-02, 3.8347e-02, 7.2938e-02, 1.3745e-02,
        9.0661e-04, 1.9796e-02, 7.0674e-03, 7.4056e-03, 3.8939e-02, 4.1199e-02,
        2.1919e-02, 3.2907e-02, 7.1991e-02, 9.0704e-02, 2.9851e-02, 9.0272e-03,
        8.1621e-03, 5.2057e-05, 2.7878e-04, 4.2194e-02, 1.4678e-02, 4.3662e-02,
        5.1496e-02, 1.1931e-02, 1.4119e-02, 2.9881e-02, 5.7199e-02, 7.1406e-03,
        6.4855e-02, 5.0401e-03, 7.6143e-02, 2.1476e-03, 9.2200e-03, 4.4020e-02,
        5.1946e-02, 4.8002e-02, 4.7232e-02, 4.8980e-03, 5.8892e-02, 4.8459e-02,
        7.5817e-07, 5.3042e-03, 6.3539e-04, 1.5378e-02, 8.3182e-02, 2.8934e-02,
        6.8769e-02, 3.8881e-02, 1.0451e-02, 5.5531e-02, 8.2938e-03, 7.7361e-02,
        1.0517e-04, 1.1733e-02, 1.7269e-03, 6.0575e-02, 4.7147e-03, 7.6347e-03,
        4.7083e-02, 4.4488e-03, 2.8671e-02, 4.7071e-07, 9.2255e-02, 7.0786e-02,
        3.9744e-02, 9.4160e-02, 3.2813e-02, 1.6813e-02, 8.2560e-03, 2.9857e-02,
        6.1549e-02, 6.2665e-02, 2.7579e-02, 1.2920e-02, 3.7818e-03, 1.0445e-02,
        1.7690e-02, 2.7338e-03, 5.0529e-02, 2.0356e-03, 3.9672e-02, 1.6974e-02,
        6.0633e-03, 3.6625e-02, 3.8612e-02, 2.2887e-02, 3.7960e-02, 4.9120e-04,
        6.6594e-03, 2.3808e-07, 1.2930e-02, 7.6574e-03, 8.1225e-03, 5.5364e-02,
        2.9946e-02, 4.7675e-03, 3.3786e-02, 7.8456e-02, 3.2811e-02, 1.2885e-02,
        9.7768e-02, 6.8249e-02, 9.7692e-05, 1.1721e-01, 2.5687e-02, 2.7459e-02,
        5.7103e-02, 3.9628e-02, 1.6369e-03, 5.1860e-02, 1.1750e-02, 4.8779e-04,
        1.4263e-02, 2.0316e-02, 8.9060e-03, 2.5356e-03, 7.4066e-02, 7.8409e-03,
        1.8239e-02, 5.7983e-02, 3.7245e-02, 2.9451e-02, 3.3787e-02, 5.7893e-03,
        2.9552e-02, 3.4361e-02, 6.1452e-02, 2.2820e-02, 1.2931e-02, 5.6052e-45,
        7.5387e-02, 6.8284e-02, 5.3625e-02, 1.0533e-02, 2.5778e-03, 4.0576e-02,
        2.9465e-02, 3.2347e-04, 5.3018e-03, 9.0131e-03, 3.2204e-02, 3.7134e-02,
        3.5074e-02, 1.7532e-02, 4.0460e-02, 2.6236e-03, 4.9055e-02, 2.2592e-03,
        3.0376e-03, 1.1217e-02, 1.2706e-02, 9.9910e-02, 3.8957e-03, 5.7907e-02,
        5.8407e-07, 5.9482e-02, 4.4172e-05, 3.8574e-02, 4.5811e-02, 9.7350e-04,
        1.8386e-02, 5.6814e-02, 4.5644e-02, 8.8367e-02, 2.3710e-05, 6.5234e-02,
        1.1939e-01, 2.5286e-02, 1.3910e-03, 6.1264e-02, 1.8153e-02, 1.8201e-02,
        6.8319e-02, 4.0954e-02, 6.4486e-03, 3.9712e-02], device='cuda:0')
sepconv3.0.weight 	 tensor([[[[-0.0461,  0.0030,  0.0244],
          [ 0.0916,  0.2439,  0.1340],
          [ 0.0938, -0.0891,  0.2510]]],


        [[[-0.2921, -0.2606, -0.2379],
          [-0.2463,  0.1634, -0.3629],
          [-0.1267,  0.2832, -0.1278]]],


        [[[-0.3204,  0.2088, -0.1580],
          [ 0.2524,  0.1788, -0.1769],
          [ 0.2693,  0.3309,  0.3172]]],


        ...,


        [[[ 0.2229,  0.2951, -0.2398],
          [ 0.0393, -0.2868, -0.2029],
          [-0.0597,  0.2230, -0.2481]]],


        [[[ 0.0821, -0.2547, -0.1451],
          [ 0.1297, -0.2000,  0.2052],
          [-0.1214,  0.0969,  0.2711]]],


        [[[ 0.0622, -0.2695, -0.2113],
          [ 0.1581,  0.1597, -0.2181],
          [ 0.0203,  0.0138, -0.0896]]]], device='cuda:0')
sepconv3.0.bias 	 tensor([-0.2438, -0.1986, -0.0893,  0.1636, -0.2081,  0.2403, -0.2849,  0.1488,
         0.2840, -0.2960, -0.3207,  0.2925, -0.0706,  0.2366,  0.1319, -0.2461,
        -0.0295,  0.2404,  0.0494,  0.0085, -0.1039,  0.0014, -0.1896, -0.2589,
        -0.1855,  0.0684, -0.0336, -0.0604,  0.0166,  0.1794, -0.2281, -0.2528,
         0.1215, -0.1980,  0.2421, -0.2124,  0.2058, -0.1158,  0.0055,  0.2734,
        -0.2770,  0.2967,  0.0456,  0.1274, -0.0295,  0.3315, -0.1263,  0.2024,
         0.1212,  0.1702,  0.1791, -0.0066, -0.1124, -0.1833,  0.0843, -0.0261,
        -0.0444,  0.2977, -0.0595,  0.1950, -0.3154,  0.0226,  0.2091, -0.1829,
         0.3308, -0.1141,  0.2269, -0.1590, -0.1075, -0.2921,  0.1227,  0.2452,
         0.1009, -0.1976, -0.0339, -0.1427,  0.3418,  0.0430, -0.0459, -0.1250,
        -0.1821, -0.1130,  0.2269,  0.0436,  0.0109, -0.0117, -0.3229,  0.1249,
         0.2080,  0.1490, -0.1872, -0.0885,  0.2318,  0.0292, -0.1758, -0.2107,
        -0.1285, -0.2674, -0.3022, -0.1411,  0.2344, -0.2976, -0.1886,  0.0832,
         0.2015,  0.2776, -0.1411, -0.0643, -0.2991,  0.1706, -0.0234, -0.0129,
         0.1621, -0.2460, -0.1808,  0.2057,  0.2389,  0.0657,  0.2710, -0.1458,
        -0.0553,  0.0200, -0.1080, -0.0591, -0.1566,  0.2236,  0.1187,  0.3301,
        -0.2058, -0.0708, -0.2331, -0.1546,  0.1748, -0.1270, -0.0004, -0.1415,
        -0.2211, -0.0385,  0.2032,  0.2140,  0.0904, -0.1662, -0.0820,  0.0191,
         0.2683,  0.0979,  0.2150, -0.2807,  0.0944, -0.2139, -0.2521,  0.1367,
         0.2888,  0.0238,  0.0351, -0.1118,  0.0495, -0.0347, -0.0861, -0.2872,
        -0.0493, -0.0668, -0.2946,  0.0964, -0.0297,  0.0785,  0.1198, -0.3152,
         0.2755,  0.0845, -0.0544, -0.2776, -0.0503, -0.1536,  0.2743,  0.0776,
         0.2569,  0.0865, -0.1636, -0.1243, -0.0497,  0.1824, -0.1187, -0.0962,
         0.0801, -0.0053,  0.0167, -0.2887, -0.1102,  0.0766,  0.1296, -0.3198,
        -0.2242, -0.0888, -0.2222,  0.1176, -0.0979,  0.0065,  0.2054,  0.0025,
         0.0447,  0.1298, -0.0783,  0.0843,  0.0550, -0.1209, -0.0860, -0.2719,
         0.1010,  0.2262,  0.1237, -0.2801, -0.1585,  0.2367,  0.0048, -0.2679,
        -0.2027, -0.2769, -0.1199, -0.2494, -0.0417,  0.1906,  0.1665,  0.0228,
        -0.3283,  0.0680, -0.0492,  0.2245, -0.2532,  0.0659, -0.2808,  0.2520,
         0.1765,  0.1637,  0.2483, -0.2571, -0.0821, -0.0461,  0.1289, -0.1783,
        -0.1853,  0.2720,  0.2620, -0.1192, -0.2116,  0.2171,  0.1866,  0.0368,
        -0.2124, -0.2983,  0.2947,  0.2022, -0.0482, -0.2183, -0.2435, -0.0311],
       device='cuda:0')
sepconv3.2.weight 	 tensor([[[[ 0.0372]],

         [[-0.0467]],

         [[-0.0389]],

         ...,

         [[-0.0088]],

         [[ 0.0028]],

         [[-0.0068]]],


        [[[-0.0146]],

         [[ 0.0323]],

         [[-0.0161]],

         ...,

         [[-0.0666]],

         [[-0.0174]],

         [[-0.0499]]],


        [[[-0.0520]],

         [[ 0.0299]],

         [[ 0.0004]],

         ...,

         [[ 0.0147]],

         [[-0.0121]],

         [[-0.0024]]],


        ...,


        [[[-0.0528]],

         [[-0.0272]],

         [[-0.0837]],

         ...,

         [[-0.0381]],

         [[-0.0101]],

         [[ 0.0485]]],


        [[[-0.0232]],

         [[-0.0347]],

         [[ 0.0193]],

         ...,

         [[-0.0224]],

         [[ 0.0008]],

         [[ 0.0156]]],


        [[[ 0.0307]],

         [[-0.0562]],

         [[-0.0440]],

         ...,

         [[ 0.0472]],

         [[ 0.0315]],

         [[-0.0076]]]], device='cuda:0')
sepconv3.2.bias 	 tensor([ 4.5416e-02, -2.4177e-02,  3.0972e-02,  2.2958e-02,  7.4264e-02,
         5.1090e-02,  4.5772e-02,  1.5849e-03,  4.5972e-02,  3.5482e-03,
         4.8981e-02,  4.4753e-02, -1.3864e-02,  2.1503e-03,  2.2142e-03,
        -2.0387e-02,  2.3879e-03, -7.3640e-02,  1.4506e-02,  2.5516e-02,
        -2.0258e-02,  5.1029e-02,  2.2889e-02,  2.9608e-02,  1.2181e-02,
         2.3118e-02,  2.7231e-02, -4.1703e-02,  4.2748e-02,  2.5507e-02,
         1.2359e-02,  5.2415e-03,  2.2957e-02, -3.2604e-02,  3.4361e-02,
         2.9530e-02, -3.8273e-02, -5.1823e-02,  9.2831e-03,  4.6334e-02,
         4.0263e-02,  6.1700e-02, -4.3386e-02,  7.4885e-02,  8.5740e-03,
         2.5766e-02,  9.8000e-02,  2.7500e-02, -5.6807e-02,  4.1103e-02,
         5.8829e-02,  3.4831e-02, -7.0783e-03,  4.8483e-02,  4.6695e-02,
        -4.3800e-02, -1.3861e-02, -4.2567e-02,  5.6879e-02, -4.2975e-02,
        -1.4573e-02,  4.9351e-04,  3.6910e-02,  4.6659e-02, -5.1092e-02,
        -4.1202e-02,  7.1803e-03, -2.3015e-03,  5.6403e-02, -3.2169e-02,
         1.5087e-02,  8.6834e-02,  2.1199e-02,  2.7378e-02, -7.3530e-03,
         5.7256e-03,  8.1244e-02,  1.9915e-02,  3.7981e-02,  6.3763e-02,
         4.2189e-03, -3.7883e-02, -1.5789e-02,  5.1868e-02,  5.3510e-02,
         3.8979e-02,  5.1987e-02, -4.6678e-02,  4.0502e-02, -5.3631e-02,
         8.0343e-02, -2.8661e-02,  8.0501e-02,  2.0326e-02,  3.3493e-02,
         8.4477e-02,  3.1889e-02,  5.1901e-02, -1.0221e-02,  4.7583e-02,
         8.4514e-02, -1.8938e-02,  3.4796e-02, -2.2484e-02, -2.7494e-02,
         4.8707e-02,  3.3754e-02, -1.4576e-02,  7.2067e-02,  5.3676e-02,
         4.7062e-02, -1.8062e-02, -2.3427e-02,  5.9821e-02, -2.8387e-03,
         5.0634e-02,  2.3650e-02,  1.7175e-02,  1.8655e-02,  2.9789e-02,
        -6.5429e-03, -3.2651e-02, -4.0093e-03, -9.7567e-03, -3.5715e-02,
         3.0913e-02,  2.9160e-02,  4.4242e-02, -2.4287e-02,  5.4532e-02,
        -6.0502e-03, -6.2189e-03,  2.1474e-02, -3.0262e-02,  6.5383e-02,
         8.5217e-02,  1.1701e-02,  6.9364e-02, -2.1398e-02,  9.2854e-04,
        -5.7738e-02,  2.7388e-03, -5.6090e-02,  3.8417e-02, -8.7588e-03,
         6.7902e-02,  6.4188e-02, -2.3699e-02, -3.3177e-02,  2.2256e-02,
         1.8525e-02, -4.7576e-02,  4.1524e-02,  4.1756e-02,  3.0468e-02,
        -2.6742e-02, -1.0581e-02,  3.7737e-02,  4.1306e-02,  2.1126e-02,
         6.4117e-02,  5.2084e-03,  4.0254e-02, -2.8612e-03,  6.8832e-02,
        -4.3232e-02, -5.0872e-02, -3.9553e-02, -1.8092e-02,  5.4220e-02,
        -3.7612e-02, -5.5522e-03, -1.4661e-02,  2.5782e-02,  1.9872e-03,
         6.0687e-04, -6.7681e-03, -2.5977e-02, -1.6988e-02,  3.6458e-02,
        -4.9774e-02, -4.3309e-02, -1.2198e-02,  4.8613e-02, -2.0182e-02,
        -3.6742e-02, -2.8918e-02, -3.1255e-02,  3.9385e-02,  6.8587e-02,
        -8.1951e-03, -3.8556e-02,  6.7378e-02, -6.0668e-02,  2.8852e-02,
         4.7708e-02,  5.4142e-04, -1.1281e-02, -2.2663e-02, -3.9671e-02,
        -4.8972e-02,  9.1649e-02, -3.4863e-02, -4.8898e-03, -1.0866e-02,
         2.5961e-02, -2.0543e-02, -6.1196e-02, -3.0870e-02,  2.2795e-02,
        -5.1913e-02,  5.3940e-02, -7.1129e-03,  8.4320e-02,  2.1741e-02,
        -8.8740e-03,  4.9552e-02,  6.9920e-02, -5.4692e-02, -2.2162e-02,
        -1.0884e-02,  3.6092e-02,  1.9900e-02, -4.6734e-02,  5.8108e-03,
        -1.9889e-02,  8.5208e-02,  8.4716e-02, -2.7364e-02,  2.1507e-02,
         4.9557e-02,  4.4226e-02,  7.2601e-02, -9.0797e-03, -3.7739e-02,
        -1.1819e-02, -4.0275e-02,  6.1874e-02, -1.4325e-02,  2.3640e-02,
        -1.2629e-02,  4.2578e-02,  4.6402e-02, -4.4156e-03, -3.6935e-02,
         4.9041e-02, -3.5741e-05,  3.4930e-02, -1.0770e-02,  2.8749e-02,
         1.7954e-02,  1.3461e-02,  4.4514e-02,  5.8034e-02,  4.4448e-02,
         1.1951e-02], device='cuda:0')
sepconv3.4.weight 	 tensor([1.0039, 1.0550, 1.0919, 1.0357, 1.0460, 1.0246, 1.0436, 1.0908, 1.1042,
        1.0751, 1.0271, 1.0588, 1.0905, 1.0675, 1.0444, 1.0247, 1.0609, 0.9868,
        1.0624, 1.0577, 0.9936, 1.1008, 1.0532, 1.0501, 1.1023, 1.0592, 1.0954,
        1.0217, 1.0772, 1.0557, 1.0395, 1.0502, 1.0621, 1.0617, 1.0542, 1.0415,
        1.0578, 1.0552, 1.0494, 1.0423, 1.0353, 1.1033, 1.0666, 1.0456, 1.0764,
        1.0441, 1.0928, 1.0889, 0.9943, 1.0705, 1.0346, 1.0802, 1.0342, 1.0707,
        1.0749, 1.0319, 1.0529, 1.0283, 1.0490, 1.0639, 1.0519, 1.0655, 1.0757,
        1.0714, 1.0448, 1.0239, 1.0483, 1.0227, 1.0561, 1.0644, 1.0129, 1.0578,
        1.0470, 1.0310, 1.0634, 1.0367, 1.0452, 1.0562, 1.0675, 1.0342, 1.0463,
        1.0538, 1.0692, 1.0552, 1.0718, 1.0575, 1.0142, 1.0762, 1.0104, 1.0300,
        1.0794, 1.0470, 1.0818, 1.0566, 1.0515, 1.0577, 1.0502, 1.0297, 1.0292,
        1.0493, 1.0717, 1.0561, 1.0318, 1.0799, 1.0225, 1.0588, 1.0922, 1.0408,
        1.0756, 1.0707, 1.0264, 1.0823, 1.0778, 1.0992, 1.0456, 1.0470, 1.0835,
        1.0691, 1.0656, 1.0706, 1.0391, 1.0346, 1.0841, 1.0427, 1.0312, 1.0436,
        1.0552, 1.0839, 1.0423, 1.0157, 1.0627, 1.0087, 1.0610, 1.0445, 1.0619,
        1.0642, 1.0769, 1.0640, 1.0543, 1.0219, 1.0338, 1.0345, 1.0161, 1.0599,
        1.0563, 1.0440, 1.0404, 1.0219, 1.0749, 1.0318, 1.0592, 1.0261, 1.0837,
        1.0268, 1.0306, 1.0528, 1.0211, 1.0127, 1.0505, 1.1023, 1.0726, 1.1030,
        1.0444, 1.0344, 1.0806, 1.0391, 1.0177, 1.0280, 1.0764, 1.0735, 1.0508,
        1.0502, 1.0562, 1.0393, 1.0264, 1.0853, 1.1010, 1.0784, 1.0414, 1.1059,
        1.0583, 1.0900, 1.0424, 1.0494, 1.1171, 1.0672, 1.0848, 1.0834, 1.0675,
        1.0911, 1.0452, 1.0862, 1.0810, 1.0355, 1.0552, 1.0579, 1.0423, 1.0318,
        1.0592, 1.0258, 1.0490, 1.0986, 1.0397, 1.0466, 1.0648, 1.0301, 1.0565,
        1.0006, 1.0742, 1.0743, 1.0682, 1.0456, 1.0725, 1.0433, 1.0275, 1.0859,
        1.0373, 1.0505, 1.0439, 1.0373, 1.0392, 1.0876, 1.0189, 1.0502, 1.0911,
        1.0619, 1.0364, 1.0961, 1.0507, 1.0668, 1.0233, 1.0372, 1.0937, 1.0919,
        1.0090, 1.0508, 1.0241, 1.0511, 1.0534, 1.0708, 1.0501, 1.0686, 1.0346,
        1.0372, 1.0435, 1.0812, 1.0506, 1.0697, 1.0647, 1.0242, 1.0354, 1.0661,
        1.0722, 1.0570, 1.0664, 1.0491], device='cuda:0')
sepconv3.4.bias 	 tensor([-0.0063,  0.0481, -0.0392, -0.0199, -0.0493, -0.0218, -0.0401, -0.0516,
        -0.0183,  0.0172,  0.0154, -0.0688, -0.0444, -0.0110, -0.0246,  0.0168,
        -0.0071, -0.0287, -0.0080, -0.0187,  0.0337,  0.0910,  0.0345,  0.0204,
         0.0372, -0.0673, -0.0158,  0.0089, -0.0060,  0.0264,  0.0178,  0.0248,
         0.0667, -0.0393, -0.0615,  0.0379, -0.0198, -0.0520, -0.0132, -0.0137,
        -0.0121, -0.0629, -0.0414,  0.0540, -0.0778,  0.0003,  0.0690, -0.0744,
        -0.0105, -0.0787,  0.0398,  0.0565,  0.0128, -0.0458, -0.0545, -0.0528,
        -0.0007,  0.0009, -0.0306,  0.0284, -0.0163, -0.0427,  0.0667, -0.0104,
         0.0330,  0.0197, -0.0234, -0.0126,  0.0052,  0.0150,  0.0050,  0.0558,
         0.0086, -0.0057, -0.0187,  0.0488, -0.0132, -0.0210, -0.0434,  0.0650,
         0.0451, -0.0253, -0.0293, -0.0328, -0.0268, -0.0030, -0.0239, -0.0290,
         0.0263, -0.0224,  0.0129,  0.0032,  0.0422,  0.0710, -0.0503, -0.0109,
        -0.0015,  0.0286, -0.0287,  0.0504,  0.0046, -0.0064, -0.0107,  0.0405,
        -0.0037, -0.0232,  0.0366, -0.0482,  0.0269,  0.0311, -0.0238, -0.0278,
         0.0439, -0.0485, -0.0091, -0.0106, -0.0125,  0.0255, -0.0611, -0.0123,
        -0.0516, -0.0159, -0.0083,  0.0186,  0.0182, -0.0298, -0.0149,  0.0465,
        -0.0120,  0.0048, -0.0699,  0.0023, -0.0655,  0.0114, -0.0037, -0.0380,
         0.0098,  0.0106, -0.0355, -0.0231, -0.0508,  0.0107, -0.0480, -0.0520,
        -0.0148,  0.0341,  0.0222, -0.0314, -0.0104,  0.0420, -0.0270, -0.0095,
        -0.0121,  0.0070,  0.0306,  0.0251, -0.0405, -0.0280, -0.0258, -0.0414,
         0.0577, -0.0552, -0.0578,  0.0309, -0.0472, -0.0255,  0.0175, -0.0183,
        -0.0326,  0.0496, -0.0337,  0.0053, -0.0005, -0.0172,  0.0184,  0.0391,
         0.0173, -0.0486, -0.0075,  0.0607, -0.0260, -0.0356,  0.0159, -0.0199,
         0.0640, -0.0692,  0.0422,  0.0332,  0.0071, -0.0188, -0.0007, -0.0518,
        -0.0019,  0.0182, -0.0111, -0.0091, -0.0531, -0.0142, -0.0212, -0.0361,
        -0.0646, -0.0056, -0.0708, -0.0517, -0.0261, -0.0196, -0.0213,  0.0011,
        -0.0047, -0.0178, -0.0170, -0.0172,  0.0263,  0.0072, -0.0226, -0.0033,
        -0.0055,  0.0016, -0.0415, -0.0033,  0.0091, -0.0602, -0.0317,  0.0021,
        -0.0375,  0.0015,  0.0197,  0.0425, -0.0601, -0.0663, -0.0294,  0.0163,
         0.0117, -0.0901,  0.0313,  0.0285,  0.0012, -0.0107, -0.0430,  0.0311,
        -0.0154,  0.0631,  0.0143, -0.0094, -0.0398,  0.0176,  0.0098,  0.0079,
        -0.0694,  0.0104, -0.0127,  0.0267, -0.0271,  0.0520, -0.0077, -0.0144],
       device='cuda:0')
sepconv3.4.running_mean 	 tensor([4.4821e-03, 1.2026e-01, 8.2941e-02, 4.9117e-02, 3.3374e-01, 2.1675e-01,
        3.0804e-01, 1.8626e-01, 7.9814e-02, 1.1967e-01, 1.5129e-01, 1.5333e-01,
        2.1116e-01, 1.6975e-01, 2.9535e-01, 7.9295e-02, 2.7193e-01, 1.2333e-04,
        2.6501e-01, 1.9170e-01, 5.8629e-02, 1.6325e-01, 4.2789e-01, 2.9944e-01,
        2.2761e-01, 1.4603e-01, 2.0900e-01, 9.8492e-02, 1.2802e-01, 2.7227e-01,
        3.2733e-01, 2.2020e-01, 5.4194e-02, 3.8551e-01, 9.1843e-02, 1.5044e-01,
        2.9685e-01, 1.3356e-01, 1.8904e-01, 2.4870e-01, 1.5896e-01, 3.6802e-01,
        2.7377e-01, 1.4998e-01, 4.7235e-01, 6.9797e-02, 4.0739e-01, 2.0167e-01,
        4.2075e-03, 1.9448e-01, 2.4019e-01, 1.9337e-01, 1.0972e-01, 1.0860e-01,
        3.9071e-01, 1.7338e-01, 2.9753e-01, 1.2831e-01, 1.2082e-01, 1.6985e-01,
        1.9110e-01, 1.1630e-01, 2.0709e-01, 1.9707e-01, 1.6424e-01, 2.2471e-01,
        2.7643e-01, 9.6890e-03, 2.8119e-01, 1.4469e-01, 5.4568e-02, 2.2681e-01,
        1.4972e-01, 2.7673e-01, 1.8011e-01, 2.2452e-01, 1.3020e-01, 1.2960e-01,
        1.7455e-01, 1.8840e-01, 3.7854e-01, 9.4455e-02, 1.6638e-01, 2.8256e-01,
        8.2141e-02, 2.3496e-01, 1.0453e-01, 1.4795e-01, 3.6818e-01, 1.4858e-01,
        1.9285e-01, 7.5958e-02, 2.9937e-01, 3.5027e-01, 2.4621e-01, 4.1054e-01,
        1.4380e-01, 9.0379e-02, 1.7820e-01, 2.6133e-01, 3.3126e-01, 2.3137e-01,
        3.7186e-02, 1.0142e-01, 4.8782e-02, 4.4908e-01, 1.0607e-01, 7.3308e-02,
        1.8376e-01, 9.7961e-02, 2.0469e-01, 1.4210e-01, 3.1326e-01, 2.7190e-01,
        6.0769e-02, 3.9983e-01, 1.0504e-01, 2.1714e-01, 3.3420e-01, 1.6708e-01,
        1.2060e-01, 2.2872e-01, 1.1843e-01, 2.9758e-01, 1.3159e-01, 3.3007e-01,
        1.2729e-01, 2.7524e-01, 9.0602e-02, 4.1216e-02, 3.7791e-02, 1.6171e-02,
        2.8132e-01, 2.8881e-01, 4.7658e-02, 4.1165e-01, 8.9829e-02, 8.7506e-02,
        2.2248e-01, 1.1211e-01, 1.8224e-01, 2.1559e-01, 7.6573e-02, 1.5938e-01,
        1.4538e-01, 2.4465e-01, 3.8882e-02, 1.7866e-02, 7.7047e-02, 2.1539e-01,
        4.2699e-01, 1.9590e-01, 1.1805e-01, 5.4891e-01, 4.1678e-01, 2.0175e-01,
        2.0632e-01, 2.4707e-01, 8.5289e-02, 5.4540e-02, 2.2921e-01, 9.3553e-02,
        8.0059e-02, 2.6628e-01, 5.2759e-02, 1.9328e-01, 1.7299e-02, 1.0761e-01,
        2.3123e-01, 2.2110e-01, 6.4870e-02, 1.4339e-01, 1.2530e-01, 9.6069e-02,
        6.0788e-02, 1.1323e-01, 4.6497e-02, 1.7159e-01, 1.6122e-02, 1.0339e-01,
        1.2729e-01, 8.5729e-02, 6.4080e-02, 2.9865e-01, 2.3050e-01, 2.5304e-01,
        2.3764e-01, 1.8191e-01, 2.7892e-01, 8.2232e-02, 3.5889e-01, 3.6660e-01,
        1.9414e-01, 1.2767e-01, 1.6740e-01, 1.4173e-01, 2.8636e-01, 1.2102e-01,
        1.8812e-01, 3.0232e-02, 1.2060e-01, 1.8828e-01, 9.5457e-02, 8.9376e-02,
        2.2991e-01, 2.6606e-01, 2.8872e-02, 1.7697e-02, 1.2829e-01, 2.2688e-01,
        2.6981e-01, 2.7680e-01, 1.1315e-01, 3.1397e-01, 4.6254e-02, 1.3415e-01,
        4.0486e-01, 3.0051e-01, 2.9434e-01, 6.1529e-02, 1.3452e-02, 1.9759e-01,
        1.1318e-02, 5.0647e-02, 2.5253e-01, 1.3159e-01, 3.2547e-01, 3.0986e-01,
        5.0073e-02, 3.9904e-01, 3.7873e-02, 1.5275e-01, 2.9441e-01, 2.2011e-01,
        3.2071e-02, 1.2884e-01, 3.2294e-02, 2.5643e-01, 5.5313e-02, 2.7035e-01,
        1.9372e-01, 2.9561e-01, 2.9239e-01, 9.1272e-02, 1.4610e-01, 1.2101e-01,
        2.3190e-01, 1.2860e-01, 3.0370e-01, 1.8901e-01, 8.8843e-02, 1.0891e-01,
        2.1521e-01, 1.9986e-01, 4.5973e-02, 1.1778e-01], device='cuda:0')
sepconv3.4.running_var 	 tensor([2.8137e-03, 2.7245e-02, 3.7272e-02, 3.7702e-02, 8.2572e-02, 3.9238e-02,
        7.7121e-02, 6.2922e-02, 3.2371e-02, 5.4862e-02, 4.0022e-02, 5.8021e-02,
        7.2517e-02, 7.2656e-02, 7.8404e-02, 3.1116e-02, 8.3623e-02, 1.4329e-05,
        7.6514e-02, 8.1699e-02, 2.6567e-02, 3.8514e-02, 8.9203e-02, 6.5886e-02,
        8.2501e-02, 5.6347e-02, 6.7619e-02, 3.8700e-02, 5.4034e-02, 5.9789e-02,
        7.5793e-02, 4.9326e-02, 1.7821e-02, 7.6487e-02, 3.0046e-02, 5.8621e-02,
        7.2216e-02, 5.1009e-02, 7.1128e-02, 8.1611e-02, 7.8674e-02, 1.0170e-01,
        8.5438e-02, 4.5037e-02, 9.3654e-02, 4.5197e-02, 5.1817e-02, 6.2903e-02,
        2.0059e-03, 1.0042e-01, 5.6147e-02, 3.9579e-02, 4.4355e-02, 6.7968e-02,
        1.2807e-01, 6.1951e-02, 8.9507e-02, 4.9276e-02, 4.8061e-02, 6.3612e-02,
        7.4432e-02, 4.5577e-02, 4.5866e-02, 6.8179e-02, 6.3478e-02, 4.8824e-02,
        6.3812e-02, 7.9979e-03, 8.5663e-02, 4.8244e-02, 1.4581e-02, 7.0797e-02,
        6.2061e-02, 7.0699e-02, 6.9953e-02, 5.6863e-02, 3.3546e-02, 4.1647e-02,
        5.4447e-02, 4.6464e-02, 6.4960e-02, 4.0981e-02, 5.3941e-02, 8.0214e-02,
        2.9379e-02, 5.0173e-02, 4.0438e-02, 4.5849e-02, 5.2775e-02, 7.4543e-02,
        5.6168e-02, 3.7346e-02, 8.4337e-02, 7.0195e-02, 6.0250e-02, 7.6805e-02,
        4.9520e-02, 5.6463e-02, 6.4854e-02, 6.4141e-02, 7.3211e-02, 8.6568e-02,
        2.9440e-02, 4.0046e-02, 2.0023e-02, 7.4756e-02, 3.6586e-02, 3.5531e-02,
        5.2603e-02, 3.0609e-02, 6.3194e-02, 4.5297e-02, 7.4014e-02, 7.4181e-02,
        5.1851e-02, 8.0818e-02, 3.5769e-02, 5.8980e-02, 9.2258e-02, 5.8785e-02,
        3.8518e-02, 8.9519e-02, 3.1970e-02, 8.2575e-02, 6.1511e-02, 9.0103e-02,
        4.2396e-02, 6.4158e-02, 2.7074e-02, 1.5180e-02, 1.5054e-02, 1.0794e-02,
        1.0462e-01, 8.3295e-02, 2.0226e-02, 7.8304e-02, 2.4843e-02, 2.4341e-02,
        5.9783e-02, 4.5611e-02, 7.5714e-02, 7.5712e-02, 3.8524e-02, 7.0762e-02,
        5.2199e-02, 4.9141e-02, 1.5446e-02, 1.3406e-02, 3.4173e-02, 4.8216e-02,
        1.1849e-01, 5.5712e-02, 4.0819e-02, 1.1245e-01, 6.1829e-02, 5.8980e-02,
        6.3099e-02, 7.8428e-02, 3.1777e-02, 2.3460e-02, 5.0468e-02, 3.6944e-02,
        3.0211e-02, 5.6962e-02, 2.2448e-02, 7.2659e-02, 9.3707e-03, 3.6457e-02,
        5.8879e-02, 4.2780e-02, 3.0384e-02, 4.6050e-02, 4.3097e-02, 3.6575e-02,
        1.8732e-02, 3.9072e-02, 1.8867e-02, 6.5361e-02, 6.9275e-03, 3.8528e-02,
        3.6874e-02, 3.6859e-02, 4.6447e-02, 8.8848e-02, 4.9924e-02, 7.3731e-02,
        5.1557e-02, 5.1754e-02, 8.1232e-02, 2.8930e-02, 7.9669e-02, 1.1110e-01,
        4.6027e-02, 3.8730e-02, 6.7883e-02, 5.5085e-02, 1.0858e-01, 4.0431e-02,
        6.2234e-02, 1.4099e-02, 5.0379e-02, 5.1968e-02, 4.5484e-02, 4.0526e-02,
        7.0237e-02, 7.1899e-02, 1.5825e-02, 9.0704e-03, 5.6316e-02, 5.8902e-02,
        8.1570e-02, 7.2299e-02, 3.3089e-02, 6.1590e-02, 1.7087e-02, 6.2996e-02,
        7.5046e-02, 7.0178e-02, 9.5901e-02, 2.0920e-02, 6.9135e-03, 7.1105e-02,
        5.7728e-03, 3.4148e-02, 7.0160e-02, 4.6321e-02, 6.8337e-02, 8.2545e-02,
        2.1522e-02, 8.8335e-02, 1.1820e-02, 4.8809e-02, 9.4709e-02, 6.8104e-02,
        1.8651e-02, 3.9751e-02, 1.2039e-02, 5.7926e-02, 2.4140e-02, 5.4468e-02,
        8.1802e-02, 5.9498e-02, 1.1221e-01, 5.0376e-02, 5.1601e-02, 4.2293e-02,
        6.5872e-02, 4.7054e-02, 8.4638e-02, 6.8050e-02, 3.4705e-02, 3.7168e-02,
        6.7539e-02, 5.3886e-02, 1.3259e-02, 5.4916e-02], device='cuda:0')
fc1.weight 	 tensor([[ 0.0023, -0.0115, -0.0538,  ...,  0.0125, -0.0521, -0.0150],
        [-0.0192,  0.0976, -0.0445,  ...,  0.1724, -0.0826, -0.0604],
        [ 0.0022, -0.1175, -0.0631,  ..., -0.1098,  0.1682, -0.0653],
        ...,
        [ 0.0132, -0.0027, -0.0286,  ..., -0.0868, -0.0717, -0.0052],
        [-0.0426,  0.0253, -0.1009,  ..., -0.0250,  0.0371, -0.0265],
        [-0.0519,  0.0403, -0.0562,  ...,  0.0047, -0.0333, -0.0564]],
       device='cuda:0')
fc1.bias 	 tensor([ 0.0121,  0.1235,  0.0409, -0.0604,  0.0050, -0.0566, -0.1055,  0.0148,
        -0.0858, -0.0178,  0.1399, -0.0075, -0.1006,  0.0605, -0.0421, -0.0836],
       device='cuda:0')
